Clock: clk
Sources: clk 
Generated: no
Virtual: yes
Propagated: no
Period: 10.000000

===========================================================================
report_clock_properties
============================================================================
Clock                   Period          Waveform
----------------------------------------------------
clk                  10.000000    0.000000  5.000000

===========================================================================
report_clock_latency
============================================================================
Clock clk
rise -> rise
    min     max
0.000000 0.000000 source latency
0.197835         network latency _1007_/CLK
        0.200395 network latency _1024_/CLK
---------------
0.197835 0.200395 latency
        0.002559 skew

fall -> fall
    min     max
0.000000 0.000000 source latency
0.195268         network latency _1020_/CLK
        0.197802 network latency _1024_/CLK
---------------
0.195268 0.197802 latency
        0.002534 skew



===========================================================================
report_clock_min_period
============================================================================
clk period_min = 2.89 fmax = 346.32
