#! /opt/iverilog/25a84/bin/vvp
:ivl_version "13.0 (devel)" "(s20221226-554-g25a84d5cf-dirty)";
:ivl_delay_selection "TYPICAL";
:vpi_time_precision - 12;
:vpi_module "/opt/iverilog/25a84/lib/ivl/system.vpi";
:vpi_module "/opt/iverilog/25a84/lib/ivl/vhdl_sys.vpi";
:vpi_module "/opt/iverilog/25a84/lib/ivl/vhdl_textio.vpi";
:vpi_module "/opt/iverilog/25a84/lib/ivl/v2005_math.vpi";
:vpi_module "/opt/iverilog/25a84/lib/ivl/va_math.vpi";
:vpi_module "/opt/iverilog/25a84/lib/ivl/v2009.vpi";
S_0x5c5a2471aeb0 .scope package, "$unit" "$unit" 2 1;
 .timescale 0 0;
S_0x5c5a2471b040 .scope module, "classifier_top" "classifier_top" 3 4;
 .timescale -9 -12;
    .port_info 0 /INPUT 1 "clk";
    .port_info 1 /INPUT 1 "rst_n";
    .port_info 2 /INPUT 4 "x_int4";
    .port_info 3 /INPUT 8 "w_int8";
    .port_info 4 /INPUT 1 "new_feat";
    .port_info 5 /INPUT 1 "new_class";
    .port_info 6 /INPUT 3 "class_id";
    .port_info 7 /OUTPUT 20 "acc20";
    .port_info 8 /OUTPUT 20 "max_score";
    .port_info 9 /OUTPUT 3 "max_class";
v0x5c5a247488a0_0 .net/s "acc20", 19 0, L_0x5c5a24749a70;  1 drivers
o0x7a800bb754c8 .functor BUFZ 3, c4<zzz>; HiZ drive
v0x5c5a24748980_0 .net "class_id", 2 0, o0x7a800bb754c8;  0 drivers
o0x7a800bb75018 .functor BUFZ 1, c4<z>; HiZ drive
v0x5c5a24748a70_0 .net "clk", 0 0, o0x7a800bb75018;  0 drivers
v0x5c5a24748b10_0 .net "max_class", 2 0, v0x5c5a24746640_0;  1 drivers
v0x5c5a24748bb0_0 .net/s "max_score", 19 0, L_0x5c5a24749d70;  1 drivers
o0x7a800bb75048 .functor BUFZ 1, c4<z>; HiZ drive
v0x5c5a24748cc0_0 .net "new_class", 0 0, o0x7a800bb75048;  0 drivers
o0x7a800bb759a8 .functor BUFZ 1, c4<z>; HiZ drive
v0x5c5a24748db0_0 .net "new_feat", 0 0, o0x7a800bb759a8;  0 drivers
o0x7a800bb75108 .functor BUFZ 1, c4<z>; HiZ drive
v0x5c5a24748e50_0 .net "rst_n", 0 0, o0x7a800bb75108;  0 drivers
o0x7a800bb75858 .functor BUFZ 8, c4<zzzzzzzz>; HiZ drive
v0x5c5a24748f80_0 .net/s "w_int8", 7 0, o0x7a800bb75858;  0 drivers
o0x7a800bb75828 .functor BUFZ 4, c4<zzzz>; HiZ drive
v0x5c5a247490b0_0 .net/s "x_int4", 3 0, o0x7a800bb75828;  0 drivers
S_0x5c5a24721ce0 .scope module, "u" "classifier_mac_argmax_modular" 3 16, 4 3 0, S_0x5c5a2471b040;
 .timescale -9 -12;
    .port_info 0 /INPUT 1 "clk";
    .port_info 1 /INPUT 1 "rst_n";
    .port_info 2 /INPUT 4 "x_int4";
    .port_info 3 /INPUT 8 "w_int8";
    .port_info 4 /INPUT 1 "new_feat";
    .port_info 5 /INPUT 1 "new_class";
    .port_info 6 /INPUT 3 "class_id";
    .port_info 7 /OUTPUT 20 "acc20";
    .port_info 8 /OUTPUT 20 "max_score";
    .port_info 9 /OUTPUT 3 "max_class";
P_0x5c5a24721ec0 .param/l "CLASS_BITS" 0 4 4, +C4<00000000000000000000000000000011>;
L_0x5c5a24749870 .functor NOT 1, o0x7a800bb75048, C4<0>, C4<0>, C4<0>;
L_0x5c5a24749960 .functor AND 1, o0x7a800bb759a8, L_0x5c5a24749870, C4<1>, C4<1>;
L_0x5c5a24749a70 .functor BUFZ 20, v0x5c5a247450a0_0, C4<00000000000000000000>, C4<00000000000000000000>, C4<00000000000000000000>;
L_0x5c5a24749c20 .functor AND 1, o0x7a800bb75048, L_0x5c5a24749b30, C4<1>, C4<1>;
L_0x5c5a24749d70 .functor BUFZ 20, v0x5c5a24746ec0_0, C4<00000000000000000000>, C4<00000000000000000000>, C4<00000000000000000000>;
v0x5c5a247478a0_0 .net *"_ivl_0", 0 0, L_0x5c5a24749870;  1 drivers
v0x5c5a24747980_0 .net/s "acc20", 19 0, L_0x5c5a24749a70;  alias, 1 drivers
v0x5c5a24747a60_0 .net/s "acc_fb", 19 0, v0x5c5a247450a0_0;  1 drivers
v0x5c5a24747b30_0 .net "class_id", 2 0, o0x7a800bb754c8;  alias, 0 drivers
v0x5c5a24747c20_0 .net "clk", 0 0, o0x7a800bb75018;  alias, 0 drivers
v0x5c5a24747cc0_0 .net "gt", 0 0, L_0x5c5a24749b30;  1 drivers
v0x5c5a24747d60_0 .net "max_class", 2 0, v0x5c5a24746640_0;  alias, 1 drivers
v0x5c5a24747e30_0 .net/s "max_score", 19 0, L_0x5c5a24749d70;  alias, 1 drivers
v0x5c5a24747ed0_0 .net/s "max_score_q", 19 0, v0x5c5a24746ec0_0;  1 drivers
v0x5c5a24748020_0 .net "new_class", 0 0, o0x7a800bb75048;  alias, 0 drivers
v0x5c5a247480c0_0 .net "new_feat", 0 0, o0x7a800bb759a8;  alias, 0 drivers
v0x5c5a24748160_0 .net/s "prod12", 11 0, L_0x5c5a247493d0;  1 drivers
v0x5c5a24748270_0 .net "rst_n", 0 0, o0x7a800bb75108;  alias, 0 drivers
v0x5c5a24748310_0 .net/s "sum20", 19 0, L_0x5c5a247497d0;  1 drivers
v0x5c5a24748420_0 .net "update_max", 0 0, L_0x5c5a24749c20;  1 drivers
v0x5c5a24748510_0 .net/s "w_int8", 7 0, o0x7a800bb75858;  alias, 0 drivers
v0x5c5a247485d0_0 .net/s "x_int4", 3 0, o0x7a800bb75828;  alias, 0 drivers
S_0x5c5a247253f0 .scope module, "u_acc" "reg_int20_clr_load" 4 61, 5 9 0, S_0x5c5a24721ce0;
 .timescale -9 -12;
    .port_info 0 /INPUT 1 "clk";
    .port_info 1 /INPUT 1 "rst_n";
    .port_info 2 /INPUT 1 "clr";
    .port_info 3 /INPUT 1 "load";
    .port_info 4 /INPUT 20 "d";
    .port_info 5 /OUTPUT 20 "q";
v0x5c5a24712e10_0 .net "clk", 0 0, o0x7a800bb75018;  alias, 0 drivers
v0x5c5a24712f10_0 .net "clr", 0 0, o0x7a800bb75048;  alias, 0 drivers
v0x5c5a24713ea0_0 .net/s "d", 19 0, L_0x5c5a247497d0;  alias, 1 drivers
v0x5c5a24713fa0_0 .net "load", 0 0, L_0x5c5a24749960;  1 drivers
v0x5c5a247450a0_0 .var/s "q", 19 0;
v0x5c5a247451d0_0 .net "rst_n", 0 0, o0x7a800bb75108;  alias, 0 drivers
E_0x5c5a2471a2a0/0 .event negedge, v0x5c5a247451d0_0;
E_0x5c5a2471a2a0/1 .event posedge, v0x5c5a24712e10_0;
E_0x5c5a2471a2a0 .event/or E_0x5c5a2471a2a0/0, E_0x5c5a2471a2a0/1;
S_0x5c5a24745350 .scope module, "u_add" "add_int12_int20_to_int20" 4 50, 6 6 0, S_0x5c5a24721ce0;
 .timescale 0 0;
    .port_info 0 /INPUT 12 "in12";
    .port_info 1 /INPUT 20 "in20";
    .port_info 2 /OUTPUT 20 "out20";
v0x5c5a24745550_0 .net *"_ivl_1", 0 0, L_0x5c5a24749510;  1 drivers
v0x5c5a24745650_0 .net *"_ivl_3", 7 0, L_0x5c5a24749640;  1 drivers
v0x5c5a24745730_0 .net/s "in12", 11 0, L_0x5c5a247493d0;  alias, 1 drivers
v0x5c5a247457f0_0 .net/s "in12_ext", 19 0, L_0x5c5a247496e0;  1 drivers
v0x5c5a247458d0_0 .net/s "in20", 19 0, v0x5c5a247450a0_0;  alias, 1 drivers
v0x5c5a247459e0_0 .net/s "out20", 19 0, L_0x5c5a247497d0;  alias, 1 drivers
L_0x5c5a24749510 .part L_0x5c5a247493d0, 11, 1;
L_0x5c5a24749640 .repeat 8, 8, L_0x5c5a24749510;
L_0x5c5a247496e0 .concat [ 12 8 0 0], L_0x5c5a247493d0, L_0x5c5a24749640;
L_0x5c5a247497d0 .arith/sum 20, v0x5c5a247450a0_0, L_0x5c5a247496e0;
S_0x5c5a24745ae0 .scope module, "u_cmp" "cmp_gt_int20" 4 75, 7 2 0, S_0x5c5a24721ce0;
 .timescale -9 -12;
    .port_info 0 /INPUT 20 "a";
    .port_info 1 /INPUT 20 "b";
    .port_info 2 /OUTPUT 1 "gt";
v0x5c5a24745cc0_0 .net/s "a", 19 0, v0x5c5a247450a0_0;  alias, 1 drivers
v0x5c5a24745dd0_0 .net/s "b", 19 0, v0x5c5a24746ec0_0;  alias, 1 drivers
v0x5c5a24745eb0_0 .net "gt", 0 0, L_0x5c5a24749b30;  alias, 1 drivers
L_0x5c5a24749b30 .cmp/gt.s 20, v0x5c5a247450a0_0, v0x5c5a24746ec0_0;
S_0x5c5a24745fd0 .scope module, "u_max_class" "reg_intN_clr_load" 4 107, 8 2 0, S_0x5c5a24721ce0;
 .timescale -9 -12;
    .port_info 0 /INPUT 1 "clk";
    .port_info 1 /INPUT 1 "rst_n";
    .port_info 2 /INPUT 1 "clr";
    .port_info 3 /INPUT 1 "load";
    .port_info 4 /INPUT 3 "d";
    .port_info 5 /OUTPUT 3 "q";
P_0x5c5a247461b0 .param/l "N" 0 8 3, +C4<00000000000000000000000000000011>;
v0x5c5a24746320_0 .net "clk", 0 0, o0x7a800bb75018;  alias, 0 drivers
L_0x7a800bb2c060 .functor BUFT 1, C4<0>, C4<0>, C4<0>, C4<0>;
v0x5c5a247463f0_0 .net "clr", 0 0, L_0x7a800bb2c060;  1 drivers
v0x5c5a24746490_0 .net "d", 2 0, o0x7a800bb754c8;  alias, 0 drivers
v0x5c5a24746580_0 .net "load", 0 0, L_0x5c5a24749c20;  alias, 1 drivers
v0x5c5a24746640_0 .var "q", 2 0;
v0x5c5a24746770_0 .net "rst_n", 0 0, o0x7a800bb75108;  alias, 0 drivers
S_0x5c5a247468b0 .scope module, "u_max_score" "reg_int20_clr_load" 4 89, 5 9 0, S_0x5c5a24721ce0;
 .timescale -9 -12;
    .port_info 0 /INPUT 1 "clk";
    .port_info 1 /INPUT 1 "rst_n";
    .port_info 2 /INPUT 1 "clr";
    .port_info 3 /INPUT 1 "load";
    .port_info 4 /INPUT 20 "d";
    .port_info 5 /OUTPUT 20 "q";
v0x5c5a24746bb0_0 .net "clk", 0 0, o0x7a800bb75018;  alias, 0 drivers
L_0x7a800bb2c018 .functor BUFT 1, C4<0>, C4<0>, C4<0>, C4<0>;
v0x5c5a24746cc0_0 .net "clr", 0 0, L_0x7a800bb2c018;  1 drivers
v0x5c5a24746d80_0 .net/s "d", 19 0, v0x5c5a247450a0_0;  alias, 1 drivers
v0x5c5a24746e20_0 .net "load", 0 0, L_0x5c5a24749c20;  alias, 1 drivers
v0x5c5a24746ec0_0 .var/s "q", 19 0;
v0x5c5a24746fb0_0 .net "rst_n", 0 0, o0x7a800bb75108;  alias, 0 drivers
S_0x5c5a24747140 .scope module, "u_mul" "mul_int4_int8_to_int12" 4 40, 9 5 0, S_0x5c5a24721ce0;
 .timescale -9 -12;
    .port_info 0 /INPUT 4 "a";
    .port_info 1 /INPUT 8 "b";
    .port_info 2 /OUTPUT 12 "y";
v0x5c5a247473b0_0 .net/s *"_ivl_0", 11 0, L_0x5c5a24749290;  1 drivers
v0x5c5a247474b0_0 .net/s *"_ivl_2", 11 0, L_0x5c5a24749330;  1 drivers
v0x5c5a24747590_0 .net/s "a", 3 0, o0x7a800bb75828;  alias, 0 drivers
v0x5c5a24747650_0 .net/s "b", 7 0, o0x7a800bb75858;  alias, 0 drivers
v0x5c5a24747730_0 .net/s "y", 11 0, L_0x5c5a247493d0;  alias, 1 drivers
L_0x5c5a24749290 .extend/s 12, o0x7a800bb75828;
L_0x5c5a24749330 .extend/s 12, o0x7a800bb75858;
L_0x5c5a247493d0 .arith/mult 12, L_0x5c5a24749290, L_0x5c5a24749330;
    .scope S_0x5c5a247253f0;
T_0 ;
    %wait E_0x5c5a2471a2a0;
    %load/vec4 v0x5c5a247451d0_0;
    %nor/r;
    %flag_set/vec4 8;
    %jmp/0xz  T_0.0, 8;
    %pushi/vec4 0, 0, 20;
    %assign/vec4 v0x5c5a247450a0_0, 0;
    %jmp T_0.1;
T_0.0 ;
    %load/vec4 v0x5c5a24712f10_0;
    %flag_set/vec4 8;
    %jmp/0xz  T_0.2, 8;
    %pushi/vec4 0, 0, 20;
    %assign/vec4 v0x5c5a247450a0_0, 0;
    %jmp T_0.3;
T_0.2 ;
    %load/vec4 v0x5c5a24713fa0_0;
    %flag_set/vec4 8;
    %jmp/0xz  T_0.4, 8;
    %load/vec4 v0x5c5a24713ea0_0;
    %assign/vec4 v0x5c5a247450a0_0, 0;
T_0.4 ;
T_0.3 ;
T_0.1 ;
    %jmp T_0;
    .thread T_0;
    .scope S_0x5c5a247468b0;
T_1 ;
    %wait E_0x5c5a2471a2a0;
    %load/vec4 v0x5c5a24746fb0_0;
    %nor/r;
    %flag_set/vec4 8;
    %jmp/0xz  T_1.0, 8;
    %pushi/vec4 0, 0, 20;
    %assign/vec4 v0x5c5a24746ec0_0, 0;
    %jmp T_1.1;
T_1.0 ;
    %load/vec4 v0x5c5a24746cc0_0;
    %flag_set/vec4 8;
    %jmp/0xz  T_1.2, 8;
    %pushi/vec4 0, 0, 20;
    %assign/vec4 v0x5c5a24746ec0_0, 0;
    %jmp T_1.3;
T_1.2 ;
    %load/vec4 v0x5c5a24746e20_0;
    %flag_set/vec4 8;
    %jmp/0xz  T_1.4, 8;
    %load/vec4 v0x5c5a24746d80_0;
    %assign/vec4 v0x5c5a24746ec0_0, 0;
T_1.4 ;
T_1.3 ;
T_1.1 ;
    %jmp T_1;
    .thread T_1;
    .scope S_0x5c5a24745fd0;
T_2 ;
    %wait E_0x5c5a2471a2a0;
    %load/vec4 v0x5c5a24746770_0;
    %nor/r;
    %flag_set/vec4 8;
    %jmp/0xz  T_2.0, 8;
    %pushi/vec4 0, 0, 3;
    %assign/vec4 v0x5c5a24746640_0, 0;
    %jmp T_2.1;
T_2.0 ;
    %load/vec4 v0x5c5a247463f0_0;
    %flag_set/vec4 8;
    %jmp/0xz  T_2.2, 8;
    %pushi/vec4 0, 0, 3;
    %assign/vec4 v0x5c5a24746640_0, 0;
    %jmp T_2.3;
T_2.2 ;
    %load/vec4 v0x5c5a24746580_0;
    %flag_set/vec4 8;
    %jmp/0xz  T_2.4, 8;
    %load/vec4 v0x5c5a24746490_0;
    %assign/vec4 v0x5c5a24746640_0, 0;
T_2.4 ;
T_2.3 ;
T_2.1 ;
    %jmp T_2;
    .thread T_2;
# The file index is used to find the file name in the following table.
:file_names 10;
    "N/A";
    "<interactive>";
    "-";
    "src/classifier_top.v";
    "src/classifier_mac_argmax_modular.v";
    "src/reg_int20_clr_load.v";
    "src/add_int12_int20_to_int20.v";
    "src/cmp_gt_int20.v";
    "src/reg_intN_clr_load.v";
    "src/mul_int4_int8_to_int12.v";
