Analysis & Synthesis report for CNNver1
Fri Feb  6 12:56:42 2026
Quartus Prime Version 24.1std.0 Build 1077 03/04/2025 SC Lite Edition


---------------------
; Table of Contents ;
---------------------
  1. Legal Notice
  2. Analysis & Synthesis Summary
  3. Analysis & Synthesis Settings
  4. Parallel Compilation
  5. Analysis & Synthesis Source Files Read
  6. Analysis & Synthesis Resource Usage Summary
  7. Analysis & Synthesis Resource Utilization by Entity
  8. General Register Statistics
  9. Parameter Settings for User Entity Instance: Top-level Entity: |CNNver1
 10. Parameter Settings for User Entity Instance: spi_cnn_slave_8:spi_cnn_slave_8_u0
 11. Parameter Settings for User Entity Instance: Register:register_u0
 12. Parameter Settings for User Entity Instance: Register:register_u1
 13. Parameter Settings for User Entity Instance: Register:register_u2
 14. Parameter Settings for User Entity Instance: Register:register_u3
 15. Parameter Settings for User Entity Instance: Register:register_u4
 16. Parameter Settings for User Entity Instance: Register:register_u5
 17. Parameter Settings for User Entity Instance: Register:register_u6
 18. Parameter Settings for User Entity Instance: Register:register_u7
 19. Port Connectivity Checks: "Register:register_u7"
 20. Port Connectivity Checks: "Register:register_u6"
 21. Port Connectivity Checks: "Register:register_u5"
 22. Port Connectivity Checks: "Register:register_u4"
 23. Port Connectivity Checks: "Register:register_u3"
 24. Port Connectivity Checks: "Register:register_u2"
 25. Port Connectivity Checks: "Register:register_u1"
 26. Port Connectivity Checks: "Register:register_u0"
 27. Port Connectivity Checks: "spi_cnn_slave_8:spi_cnn_slave_8_u0"
 28. Post-Synthesis Netlist Statistics for Top Partition
 29. Elapsed Time Per Partition
 30. Analysis & Synthesis Messages



----------------
; Legal Notice ;
----------------
Copyright (C) 2025  Altera Corporation. All rights reserved.
Your use of Altera Corporation's design tools, logic functions 
and other software and tools, and any partner logic 
functions, and any output files from any of the foregoing 
(including device programming or simulation files), and any 
associated documentation or information are expressly subject 
to the terms and conditions of the Altera Program License 
Subscription Agreement, the Altera Quartus Prime License Agreement,
the Altera IP License Agreement, or other applicable license
agreement, including, without limitation, that your use is for
the sole purpose of programming logic devices manufactured by
Altera and sold by Altera or its authorized distributors.  Please
refer to the Altera Software License Subscription Agreements 
on the Quartus Prime software download page.



+-----------------------------------------------------------------------------------+
; Analysis & Synthesis Summary                                                      ;
+---------------------------------+-------------------------------------------------+
; Analysis & Synthesis Status     ; Successful - Fri Feb  6 12:56:42 2026           ;
; Quartus Prime Version           ; 24.1std.0 Build 1077 03/04/2025 SC Lite Edition ;
; Revision Name                   ; CNNver1                                         ;
; Top-level Entity Name           ; CNNver1                                         ;
; Family                          ; Cyclone V                                       ;
; Logic utilization (in ALMs)     ; N/A                                             ;
; Total registers                 ; 13                                              ;
; Total pins                      ; 4                                               ;
; Total virtual pins              ; 0                                               ;
; Total block memory bits         ; 0                                               ;
; Total DSP Blocks                ; 0                                               ;
; Total HSSI RX PCSs              ; 0                                               ;
; Total HSSI PMA RX Deserializers ; 0                                               ;
; Total HSSI TX PCSs              ; 0                                               ;
; Total HSSI PMA TX Serializers   ; 0                                               ;
; Total PLLs                      ; 0                                               ;
; Total DLLs                      ; 0                                               ;
+---------------------------------+-------------------------------------------------+


+---------------------------------------------------------------------------------------------------------------------------+
; Analysis & Synthesis Settings                                                                                             ;
+---------------------------------------------------------------------------------+--------------------+--------------------+
; Option                                                                          ; Setting            ; Default Value      ;
+---------------------------------------------------------------------------------+--------------------+--------------------+
; Device                                                                          ; 5CEBA2F17A7        ;                    ;
; Top-level entity name                                                           ; CNNver1            ; CNNver1            ;
; Family name                                                                     ; Cyclone V          ; Cyclone V          ;
; Use smart compilation                                                           ; Off                ; Off                ;
; Enable parallel Assembler and Timing Analyzer during compilation                ; On                 ; On                 ;
; Enable compact report table                                                     ; Off                ; Off                ;
; Restructure Multiplexers                                                        ; Auto               ; Auto               ;
; MLAB Add Timing Constraints For Mixed-Port Feed-Through Mode Setting Don't Care ; Off                ; Off                ;
; Create Debugging Nodes for IP Cores                                             ; Off                ; Off                ;
; Preserve fewer node names                                                       ; On                 ; On                 ;
; Intel FPGA IP Evaluation Mode                                                   ; Enable             ; Enable             ;
; Verilog Version                                                                 ; Verilog_2001       ; Verilog_2001       ;
; VHDL Version                                                                    ; VHDL_1993          ; VHDL_1993          ;
; State Machine Processing                                                        ; Auto               ; Auto               ;
; Safe State Machine                                                              ; Off                ; Off                ;
; Extract Verilog State Machines                                                  ; On                 ; On                 ;
; Extract VHDL State Machines                                                     ; On                 ; On                 ;
; Ignore Verilog initial constructs                                               ; Off                ; Off                ;
; Iteration limit for constant Verilog loops                                      ; 5000               ; 5000               ;
; Iteration limit for non-constant Verilog loops                                  ; 250                ; 250                ;
; Add Pass-Through Logic to Inferred RAMs                                         ; On                 ; On                 ;
; Infer RAMs from Raw Logic                                                       ; On                 ; On                 ;
; Parallel Synthesis                                                              ; On                 ; On                 ;
; DSP Block Balancing                                                             ; Auto               ; Auto               ;
; NOT Gate Push-Back                                                              ; On                 ; On                 ;
; Power-Up Don't Care                                                             ; On                 ; On                 ;
; Remove Redundant Logic Cells                                                    ; Off                ; Off                ;
; Remove Duplicate Registers                                                      ; On                 ; On                 ;
; Ignore CARRY Buffers                                                            ; Off                ; Off                ;
; Ignore CASCADE Buffers                                                          ; Off                ; Off                ;
; Ignore GLOBAL Buffers                                                           ; Off                ; Off                ;
; Ignore ROW GLOBAL Buffers                                                       ; Off                ; Off                ;
; Ignore LCELL Buffers                                                            ; Off                ; Off                ;
; Ignore SOFT Buffers                                                             ; On                 ; On                 ;
; Limit AHDL Integers to 32 Bits                                                  ; Off                ; Off                ;
; Optimization Technique                                                          ; Balanced           ; Balanced           ;
; Carry Chain Length                                                              ; 70                 ; 70                 ;
; Auto Carry Chains                                                               ; On                 ; On                 ;
; Auto Open-Drain Pins                                                            ; On                 ; On                 ;
; Perform WYSIWYG Primitive Resynthesis                                           ; Off                ; Off                ;
; Auto ROM Replacement                                                            ; On                 ; On                 ;
; Auto RAM Replacement                                                            ; On                 ; On                 ;
; Auto DSP Block Replacement                                                      ; On                 ; On                 ;
; Auto Shift Register Replacement                                                 ; Auto               ; Auto               ;
; Allow Shift Register Merging across Hierarchies                                 ; Auto               ; Auto               ;
; Auto Clock Enable Replacement                                                   ; On                 ; On                 ;
; Strict RAM Replacement                                                          ; Off                ; Off                ;
; Allow Synchronous Control Signals                                               ; On                 ; On                 ;
; Force Use of Synchronous Clear Signals                                          ; Off                ; Off                ;
; Auto Resource Sharing                                                           ; Off                ; Off                ;
; Allow Any RAM Size For Recognition                                              ; Off                ; Off                ;
; Allow Any ROM Size For Recognition                                              ; Off                ; Off                ;
; Allow Any Shift Register Size For Recognition                                   ; Off                ; Off                ;
; Use LogicLock Constraints during Resource Balancing                             ; On                 ; On                 ;
; Ignore translate_off and synthesis_off directives                               ; Off                ; Off                ;
; Timing-Driven Synthesis                                                         ; On                 ; On                 ;
; Report Parameter Settings                                                       ; On                 ; On                 ;
; Report Source Assignments                                                       ; On                 ; On                 ;
; Report Connectivity Checks                                                      ; On                 ; On                 ;
; Ignore Maximum Fan-Out Assignments                                              ; Off                ; Off                ;
; Synchronization Register Chain Length                                           ; 3                  ; 3                  ;
; Power Optimization During Synthesis                                             ; Normal compilation ; Normal compilation ;
; HDL message level                                                               ; Level2             ; Level2             ;
; Suppress Register Optimization Related Messages                                 ; Off                ; Off                ;
; Number of Removed Registers Reported in Synthesis Report                        ; 5000               ; 5000               ;
; Number of Swept Nodes Reported in Synthesis Report                              ; 5000               ; 5000               ;
; Number of Inverted Registers Reported in Synthesis Report                       ; 100                ; 100                ;
; Clock MUX Protection                                                            ; On                 ; On                 ;
; Auto Gated Clock Conversion                                                     ; Off                ; Off                ;
; Block Design Naming                                                             ; Auto               ; Auto               ;
; SDC constraint protection                                                       ; Off                ; Off                ;
; Synthesis Effort                                                                ; Auto               ; Auto               ;
; Shift Register Replacement - Allow Asynchronous Clear Signal                    ; On                 ; On                 ;
; Pre-Mapping Resynthesis Optimization                                            ; Off                ; Off                ;
; Analysis & Synthesis Message Level                                              ; Medium             ; Medium             ;
; Disable Register Merging Across Hierarchies                                     ; Auto               ; Auto               ;
; Resource Aware Inference For Block RAM                                          ; On                 ; On                 ;
; Automatic Parallel Synthesis                                                    ; On                 ; On                 ;
; Partial Reconfiguration Bitstream ID                                            ; Off                ; Off                ;
+---------------------------------------------------------------------------------+--------------------+--------------------+


+------------------------------------------+
; Parallel Compilation                     ;
+----------------------------+-------------+
; Processors                 ; Number      ;
+----------------------------+-------------+
; Number detected on machine ; 16          ;
; Maximum allowed            ; 12          ;
;                            ;             ;
; Average used               ; 1.00        ;
; Maximum used               ; 12          ;
;                            ;             ;
; Usage by Processor         ; % Time Used ;
;     Processor 1            ; 100.0%      ;
;     Processors 2-12        ;   0.0%      ;
+----------------------------+-------------+


+--------------------------------------------------------------------------------------------------------------------------------------------------------+
; Analysis & Synthesis Source Files Read                                                                                                                 ;
+----------------------------------+-----------------+------------------------+----------------------------------------------------------------+---------+
; File Name with User-Entered Path ; Used in Netlist ; File Type              ; File Name with Absolute Path                                   ; Library ;
+----------------------------------+-----------------+------------------------+----------------------------------------------------------------+---------+
; rtl/Register.v                   ; yes             ; User Verilog HDL File  ; C:/Users/jacob/Desktop/UNIC_CASS/CNNver1/rtl/Register.v        ;         ;
; rtl/spi_cnn_slave_8.v            ; yes             ; User Verilog HDL File  ; C:/Users/jacob/Desktop/UNIC_CASS/CNNver1/rtl/spi_cnn_slave_8.v ;         ;
; CNNver1.v                        ; yes             ; User Verilog HDL File  ; C:/Users/jacob/Desktop/UNIC_CASS/CNNver1/CNNver1.v             ;         ;
+----------------------------------+-----------------+------------------------+----------------------------------------------------------------+---------+


+-------------------------------------------------------------------------+
; Analysis & Synthesis Resource Usage Summary                             ;
+---------------------------------------------+---------------------------+
; Resource                                    ; Usage                     ;
+---------------------------------------------+---------------------------+
; Estimate of Logic utilization (ALMs needed) ; 9                         ;
;                                             ;                           ;
; Combinational ALUT usage for logic          ; 15                        ;
;     -- 7 input functions                    ; 0                         ;
;     -- 6 input functions                    ; 3                         ;
;     -- 5 input functions                    ; 1                         ;
;     -- 4 input functions                    ; 3                         ;
;     -- <=3 input functions                  ; 8                         ;
;                                             ;                           ;
; Dedicated logic registers                   ; 13                        ;
;                                             ;                           ;
; I/O pins                                    ; 4                         ;
;                                             ;                           ;
; Total DSP Blocks                            ; 0                         ;
;                                             ;                           ;
; Maximum fan-out node                        ; CNNver1_SPICLOCK_50~input ;
; Maximum fan-out                             ; 13                        ;
; Total fan-out                               ; 95                        ;
; Average fan-out                             ; 2.64                      ;
+---------------------------------------------+---------------------------+


+---------------------------------------------------------------------------------------------------------------------------------------------------------------------------------------------------------------------------------+
; Analysis & Synthesis Resource Utilization by Entity                                                                                                                                                                             ;
+-----------------------------------------+---------------------+---------------------------+-------------------+------------+------+--------------+---------------------------------------------+-----------------+--------------+
; Compilation Hierarchy Node              ; Combinational ALUTs ; Dedicated Logic Registers ; Block Memory Bits ; DSP Blocks ; Pins ; Virtual Pins ; Full Hierarchy Name                         ; Entity Name     ; Library Name ;
+-----------------------------------------+---------------------+---------------------------+-------------------+------------+------+--------------+---------------------------------------------+-----------------+--------------+
; |CNNver1                                ; 15 (0)              ; 13 (0)                    ; 0                 ; 0          ; 4    ; 0            ; |CNNver1                                    ; CNNver1         ; work         ;
;    |spi_cnn_slave_8:spi_cnn_slave_8_u0| ; 15 (15)             ; 13 (13)                   ; 0                 ; 0          ; 0    ; 0            ; |CNNver1|spi_cnn_slave_8:spi_cnn_slave_8_u0 ; spi_cnn_slave_8 ; work         ;
+-----------------------------------------+---------------------+---------------------------+-------------------+------------+------+--------------+---------------------------------------------+-----------------+--------------+
Note: For table entries with two numbers listed, the numbers in parentheses indicate the number of resources of the given type used by the specific entity alone. The numbers listed outside of parentheses indicate the total resources of the given type used by the specific entity and all of its sub-entities in the hierarchy.


+------------------------------------------------------+
; General Register Statistics                          ;
+----------------------------------------------+-------+
; Statistic                                    ; Value ;
+----------------------------------------------+-------+
; Total registers                              ; 13    ;
; Number of registers using Synchronous Clear  ; 0     ;
; Number of registers using Synchronous Load   ; 0     ;
; Number of registers using Asynchronous Clear ; 13    ;
; Number of registers using Asynchronous Load  ; 0     ;
; Number of registers using Clock Enable       ; 0     ;
; Number of registers using Preset             ; 0     ;
+----------------------------------------------+-------+


+-------------------------------------------------------------------------+
; Parameter Settings for User Entity Instance: Top-level Entity: |CNNver1 ;
+----------------+-------+------------------------------------------------+
; Parameter Name ; Value ; Type                                           ;
+----------------+-------+------------------------------------------------+
; DATAWIDTH_BUS  ; 8     ; Signed Integer                                 ;
+----------------+-------+------------------------------------------------+
Note: In order to hide this table in the UI and the text report file, please set the "Show Parameter Settings in Synthesis Report" option in "Analysis and Synthesis Settings -> More Settings" to "Off".


+---------------------------------------------------------------------------------+
; Parameter Settings for User Entity Instance: spi_cnn_slave_8:spi_cnn_slave_8_u0 ;
+----------------+-------+--------------------------------------------------------+
; Parameter Name ; Value ; Type                                                   ;
+----------------+-------+--------------------------------------------------------+
; DATAWIDTH_BUS  ; 8     ; Signed Integer                                         ;
+----------------+-------+--------------------------------------------------------+
Note: In order to hide this table in the UI and the text report file, please set the "Show Parameter Settings in Synthesis Report" option in "Analysis and Synthesis Settings -> More Settings" to "Off".


+-------------------------------------------------------------------+
; Parameter Settings for User Entity Instance: Register:register_u0 ;
+----------------+-------+------------------------------------------+
; Parameter Name ; Value ; Type                                     ;
+----------------+-------+------------------------------------------+
; DATAWIDTH_BUS  ; 8     ; Signed Integer                           ;
+----------------+-------+------------------------------------------+
Note: In order to hide this table in the UI and the text report file, please set the "Show Parameter Settings in Synthesis Report" option in "Analysis and Synthesis Settings -> More Settings" to "Off".


+-------------------------------------------------------------------+
; Parameter Settings for User Entity Instance: Register:register_u1 ;
+----------------+-------+------------------------------------------+
; Parameter Name ; Value ; Type                                     ;
+----------------+-------+------------------------------------------+
; DATAWIDTH_BUS  ; 8     ; Signed Integer                           ;
+----------------+-------+------------------------------------------+
Note: In order to hide this table in the UI and the text report file, please set the "Show Parameter Settings in Synthesis Report" option in "Analysis and Synthesis Settings -> More Settings" to "Off".


+-------------------------------------------------------------------+
; Parameter Settings for User Entity Instance: Register:register_u2 ;
+----------------+-------+------------------------------------------+
; Parameter Name ; Value ; Type                                     ;
+----------------+-------+------------------------------------------+
; DATAWIDTH_BUS  ; 8     ; Signed Integer                           ;
+----------------+-------+------------------------------------------+
Note: In order to hide this table in the UI and the text report file, please set the "Show Parameter Settings in Synthesis Report" option in "Analysis and Synthesis Settings -> More Settings" to "Off".


+-------------------------------------------------------------------+
; Parameter Settings for User Entity Instance: Register:register_u3 ;
+----------------+-------+------------------------------------------+
; Parameter Name ; Value ; Type                                     ;
+----------------+-------+------------------------------------------+
; DATAWIDTH_BUS  ; 8     ; Signed Integer                           ;
+----------------+-------+------------------------------------------+
Note: In order to hide this table in the UI and the text report file, please set the "Show Parameter Settings in Synthesis Report" option in "Analysis and Synthesis Settings -> More Settings" to "Off".


+-------------------------------------------------------------------+
; Parameter Settings for User Entity Instance: Register:register_u4 ;
+----------------+-------+------------------------------------------+
; Parameter Name ; Value ; Type                                     ;
+----------------+-------+------------------------------------------+
; DATAWIDTH_BUS  ; 8     ; Signed Integer                           ;
+----------------+-------+------------------------------------------+
Note: In order to hide this table in the UI and the text report file, please set the "Show Parameter Settings in Synthesis Report" option in "Analysis and Synthesis Settings -> More Settings" to "Off".


+-------------------------------------------------------------------+
; Parameter Settings for User Entity Instance: Register:register_u5 ;
+----------------+-------+------------------------------------------+
; Parameter Name ; Value ; Type                                     ;
+----------------+-------+------------------------------------------+
; DATAWIDTH_BUS  ; 8     ; Signed Integer                           ;
+----------------+-------+------------------------------------------+
Note: In order to hide this table in the UI and the text report file, please set the "Show Parameter Settings in Synthesis Report" option in "Analysis and Synthesis Settings -> More Settings" to "Off".


+-------------------------------------------------------------------+
; Parameter Settings for User Entity Instance: Register:register_u6 ;
+----------------+-------+------------------------------------------+
; Parameter Name ; Value ; Type                                     ;
+----------------+-------+------------------------------------------+
; DATAWIDTH_BUS  ; 8     ; Signed Integer                           ;
+----------------+-------+------------------------------------------+
Note: In order to hide this table in the UI and the text report file, please set the "Show Parameter Settings in Synthesis Report" option in "Analysis and Synthesis Settings -> More Settings" to "Off".


+-------------------------------------------------------------------+
; Parameter Settings for User Entity Instance: Register:register_u7 ;
+----------------+-------+------------------------------------------+
; Parameter Name ; Value ; Type                                     ;
+----------------+-------+------------------------------------------+
; DATAWIDTH_BUS  ; 8     ; Signed Integer                           ;
+----------------+-------+------------------------------------------+
Note: In order to hide this table in the UI and the text report file, please set the "Show Parameter Settings in Synthesis Report" option in "Analysis and Synthesis Settings -> More Settings" to "Off".


+--------------------------------------------------------------------------------------------------------------------------------------------------------------------------------------------------------------------------------+
; Port Connectivity Checks: "Register:register_u7"                                                                                                                                                                               ;
+-------------------------+--------+----------+----------------------------------------------------------------------------------------------------------------------------------------------------------------------------------+
; Port                    ; Type   ; Severity ; Details                                                                                                                                                                          ;
+-------------------------+--------+----------+----------------------------------------------------------------------------------------------------------------------------------------------------------------------------------+
; Register_DataInBUS      ; Input  ; Warning  ; Input port expression (8 bits) is wider than the input port (1 bits) it drives.  The 7 most-significant bit(s) in the expression will be dangling if they have no other fanouts. ;
; Register_DataOutBUS     ; Output ; Warning  ; Output or bidir port (1 bits) is smaller than the port expression (8 bits) it drives.  The 7 most-significant bit(s) in the port expression will be connected to GND.            ;
; Register_DataOutBUS[-1] ; Output ; Info     ; Connected to dangling logic. Logic that only feeds a dangling port will be removed.                                                                                              ;
+-------------------------+--------+----------+----------------------------------------------------------------------------------------------------------------------------------------------------------------------------------+


+--------------------------------------------------------------------------------------------------------------------------------------------------------------------------------------------------------------------------------+
; Port Connectivity Checks: "Register:register_u6"                                                                                                                                                                               ;
+-------------------------+--------+----------+----------------------------------------------------------------------------------------------------------------------------------------------------------------------------------+
; Port                    ; Type   ; Severity ; Details                                                                                                                                                                          ;
+-------------------------+--------+----------+----------------------------------------------------------------------------------------------------------------------------------------------------------------------------------+
; Register_DataInBUS      ; Input  ; Warning  ; Input port expression (8 bits) is wider than the input port (1 bits) it drives.  The 7 most-significant bit(s) in the expression will be dangling if they have no other fanouts. ;
; Register_DataOutBUS     ; Output ; Warning  ; Output or bidir port (1 bits) is smaller than the port expression (8 bits) it drives.  The 7 most-significant bit(s) in the port expression will be connected to GND.            ;
; Register_DataOutBUS[-1] ; Output ; Info     ; Connected to dangling logic. Logic that only feeds a dangling port will be removed.                                                                                              ;
+-------------------------+--------+----------+----------------------------------------------------------------------------------------------------------------------------------------------------------------------------------+


+--------------------------------------------------------------------------------------------------------------------------------------------------------------------------------------------------------------------------------+
; Port Connectivity Checks: "Register:register_u5"                                                                                                                                                                               ;
+-------------------------+--------+----------+----------------------------------------------------------------------------------------------------------------------------------------------------------------------------------+
; Port                    ; Type   ; Severity ; Details                                                                                                                                                                          ;
+-------------------------+--------+----------+----------------------------------------------------------------------------------------------------------------------------------------------------------------------------------+
; Register_DataInBUS      ; Input  ; Warning  ; Input port expression (8 bits) is wider than the input port (1 bits) it drives.  The 7 most-significant bit(s) in the expression will be dangling if they have no other fanouts. ;
; Register_DataOutBUS     ; Output ; Warning  ; Output or bidir port (1 bits) is smaller than the port expression (8 bits) it drives.  The 7 most-significant bit(s) in the port expression will be connected to GND.            ;
; Register_DataOutBUS[-1] ; Output ; Info     ; Connected to dangling logic. Logic that only feeds a dangling port will be removed.                                                                                              ;
+-------------------------+--------+----------+----------------------------------------------------------------------------------------------------------------------------------------------------------------------------------+


+--------------------------------------------------------------------------------------------------------------------------------------------------------------------------------------------------------------------------------+
; Port Connectivity Checks: "Register:register_u4"                                                                                                                                                                               ;
+-------------------------+--------+----------+----------------------------------------------------------------------------------------------------------------------------------------------------------------------------------+
; Port                    ; Type   ; Severity ; Details                                                                                                                                                                          ;
+-------------------------+--------+----------+----------------------------------------------------------------------------------------------------------------------------------------------------------------------------------+
; Register_DataInBUS      ; Input  ; Warning  ; Input port expression (8 bits) is wider than the input port (1 bits) it drives.  The 7 most-significant bit(s) in the expression will be dangling if they have no other fanouts. ;
; Register_DataOutBUS     ; Output ; Warning  ; Output or bidir port (1 bits) is smaller than the port expression (8 bits) it drives.  The 7 most-significant bit(s) in the port expression will be connected to GND.            ;
; Register_DataOutBUS[-1] ; Output ; Info     ; Connected to dangling logic. Logic that only feeds a dangling port will be removed.                                                                                              ;
+-------------------------+--------+----------+----------------------------------------------------------------------------------------------------------------------------------------------------------------------------------+


+--------------------------------------------------------------------------------------------------------------------------------------------------------------------------------------------------------------------------------+
; Port Connectivity Checks: "Register:register_u3"                                                                                                                                                                               ;
+-------------------------+--------+----------+----------------------------------------------------------------------------------------------------------------------------------------------------------------------------------+
; Port                    ; Type   ; Severity ; Details                                                                                                                                                                          ;
+-------------------------+--------+----------+----------------------------------------------------------------------------------------------------------------------------------------------------------------------------------+
; Register_DataInBUS      ; Input  ; Warning  ; Input port expression (8 bits) is wider than the input port (1 bits) it drives.  The 7 most-significant bit(s) in the expression will be dangling if they have no other fanouts. ;
; Register_DataOutBUS     ; Output ; Warning  ; Output or bidir port (1 bits) is smaller than the port expression (8 bits) it drives.  The 7 most-significant bit(s) in the port expression will be connected to GND.            ;
; Register_DataOutBUS[-1] ; Output ; Info     ; Connected to dangling logic. Logic that only feeds a dangling port will be removed.                                                                                              ;
+-------------------------+--------+----------+----------------------------------------------------------------------------------------------------------------------------------------------------------------------------------+


+--------------------------------------------------------------------------------------------------------------------------------------------------------------------------------------------------------------------------------+
; Port Connectivity Checks: "Register:register_u2"                                                                                                                                                                               ;
+-------------------------+--------+----------+----------------------------------------------------------------------------------------------------------------------------------------------------------------------------------+
; Port                    ; Type   ; Severity ; Details                                                                                                                                                                          ;
+-------------------------+--------+----------+----------------------------------------------------------------------------------------------------------------------------------------------------------------------------------+
; Register_DataInBUS      ; Input  ; Warning  ; Input port expression (8 bits) is wider than the input port (1 bits) it drives.  The 7 most-significant bit(s) in the expression will be dangling if they have no other fanouts. ;
; Register_DataOutBUS     ; Output ; Warning  ; Output or bidir port (1 bits) is smaller than the port expression (8 bits) it drives.  The 7 most-significant bit(s) in the port expression will be connected to GND.            ;
; Register_DataOutBUS[-1] ; Output ; Info     ; Connected to dangling logic. Logic that only feeds a dangling port will be removed.                                                                                              ;
+-------------------------+--------+----------+----------------------------------------------------------------------------------------------------------------------------------------------------------------------------------+


+--------------------------------------------------------------------------------------------------------------------------------------------------------------------------------------------------------------------------------+
; Port Connectivity Checks: "Register:register_u1"                                                                                                                                                                               ;
+-------------------------+--------+----------+----------------------------------------------------------------------------------------------------------------------------------------------------------------------------------+
; Port                    ; Type   ; Severity ; Details                                                                                                                                                                          ;
+-------------------------+--------+----------+----------------------------------------------------------------------------------------------------------------------------------------------------------------------------------+
; Register_DataInBUS      ; Input  ; Warning  ; Input port expression (8 bits) is wider than the input port (1 bits) it drives.  The 7 most-significant bit(s) in the expression will be dangling if they have no other fanouts. ;
; Register_DataOutBUS     ; Output ; Warning  ; Output or bidir port (1 bits) is smaller than the port expression (8 bits) it drives.  The 7 most-significant bit(s) in the port expression will be connected to GND.            ;
; Register_DataOutBUS[-1] ; Output ; Info     ; Connected to dangling logic. Logic that only feeds a dangling port will be removed.                                                                                              ;
+-------------------------+--------+----------+----------------------------------------------------------------------------------------------------------------------------------------------------------------------------------+


+--------------------------------------------------------------------------------------------------------------------------------------------------------------------------------------------------------------------------------+
; Port Connectivity Checks: "Register:register_u0"                                                                                                                                                                               ;
+-------------------------+--------+----------+----------------------------------------------------------------------------------------------------------------------------------------------------------------------------------+
; Port                    ; Type   ; Severity ; Details                                                                                                                                                                          ;
+-------------------------+--------+----------+----------------------------------------------------------------------------------------------------------------------------------------------------------------------------------+
; Register_DataInBUS      ; Input  ; Warning  ; Input port expression (8 bits) is wider than the input port (1 bits) it drives.  The 7 most-significant bit(s) in the expression will be dangling if they have no other fanouts. ;
; Register_DataOutBUS     ; Output ; Warning  ; Output or bidir port (1 bits) is smaller than the port expression (8 bits) it drives.  The 7 most-significant bit(s) in the port expression will be connected to GND.            ;
; Register_DataOutBUS[-1] ; Output ; Info     ; Connected to dangling logic. Logic that only feeds a dangling port will be removed.                                                                                              ;
+-------------------------+--------+----------+----------------------------------------------------------------------------------------------------------------------------------------------------------------------------------+


+-------------------------------------------------------------------------------------------------------------------------------------------------------------------------------------------------------------+
; Port Connectivity Checks: "spi_cnn_slave_8:spi_cnn_slave_8_u0"                                                                                                                                              ;
+-----------------+--------+----------+-----------------------------------------------------------------------------------------------------------------------------------------------------------------------+
; Port            ; Type   ; Severity ; Details                                                                                                                                                               ;
+-----------------+--------+----------+-----------------------------------------------------------------------------------------------------------------------------------------------------------------------+
; o_start_cnn     ; Output ; Warning  ; Output or bidir port (1 bits) is smaller than the port expression (8 bits) it drives.  The 7 most-significant bit(s) in the port expression will be connected to GND. ;
; o_start_cnn[-1] ; Output ; Info     ; Connected to dangling logic. Logic that only feeds a dangling port will be removed.                                                                                   ;
; o_row00[7..1]   ; Output ; Info     ; Connected to dangling logic. Logic that only feeds a dangling port will be removed.                                                                                   ;
; o_row01[7..1]   ; Output ; Info     ; Connected to dangling logic. Logic that only feeds a dangling port will be removed.                                                                                   ;
; o_row02[7..1]   ; Output ; Info     ; Connected to dangling logic. Logic that only feeds a dangling port will be removed.                                                                                   ;
; o_row03[7..1]   ; Output ; Info     ; Connected to dangling logic. Logic that only feeds a dangling port will be removed.                                                                                   ;
; o_row04[7..1]   ; Output ; Info     ; Connected to dangling logic. Logic that only feeds a dangling port will be removed.                                                                                   ;
; o_row05[7..1]   ; Output ; Info     ; Connected to dangling logic. Logic that only feeds a dangling port will be removed.                                                                                   ;
; o_row06[7..1]   ; Output ; Info     ; Connected to dangling logic. Logic that only feeds a dangling port will be removed.                                                                                   ;
; o_row07[7..1]   ; Output ; Info     ; Connected to dangling logic. Logic that only feeds a dangling port will be removed.                                                                                   ;
+-----------------+--------+----------+-----------------------------------------------------------------------------------------------------------------------------------------------------------------------+


+-----------------------------------------------------+
; Post-Synthesis Netlist Statistics for Top Partition ;
+-----------------------+-----------------------------+
; Type                  ; Count                       ;
+-----------------------+-----------------------------+
; arriav_ff             ; 13                          ;
;     CLR               ; 13                          ;
; arriav_io_obuf        ; 1                           ;
; arriav_lcell_comb     ; 15                          ;
;     arith             ; 6                           ;
;         1 data inputs ; 5                           ;
;         2 data inputs ; 1                           ;
;     normal            ; 9                           ;
;         1 data inputs ; 1                           ;
;         2 data inputs ; 1                           ;
;         4 data inputs ; 3                           ;
;         5 data inputs ; 1                           ;
;         6 data inputs ; 3                           ;
; boundary_port         ; 4                           ;
;                       ;                             ;
; Max LUT depth         ; 2.00                        ;
; Average LUT depth     ; 1.39                        ;
+-----------------------+-----------------------------+


+-------------------------------+
; Elapsed Time Per Partition    ;
+----------------+--------------+
; Partition Name ; Elapsed Time ;
+----------------+--------------+
; Top            ; 00:00:00     ;
+----------------+--------------+


+-------------------------------+
; Analysis & Synthesis Messages ;
+-------------------------------+
Info: *******************************************************************
Info: Running Quartus Prime Analysis & Synthesis
    Info: Version 24.1std.0 Build 1077 03/04/2025 SC Lite Edition
    Info: Processing started: Fri Feb  6 12:56:32 2026
Info: Command: quartus_map --read_settings_files=on --write_settings_files=off CNNver1 -c CNNver1
Warning (18236): Number of processors has not been specified which may cause overloading on shared machines.  Set the global assignment NUM_PARALLEL_PROCESSORS in your QSF to an appropriate value for best performance.
Info (20030): Parallel compilation is enabled and will use 12 of the 12 processors detected
Info (12021): Found 1 design units, including 1 entities, in source file rtl/register.v
    Info (12023): Found entity 1: Register File: C:/Users/jacob/Desktop/UNIC_CASS/CNNver1/rtl/Register.v Line: 1
Info (12021): Found 1 design units, including 1 entities, in source file rtl/spi_cnn_slave_8.v
    Info (12023): Found entity 1: spi_cnn_slave_8 File: C:/Users/jacob/Desktop/UNIC_CASS/CNNver1/rtl/spi_cnn_slave_8.v Line: 1
Info (12021): Found 1 design units, including 1 entities, in source file rtl/weight_registers.v
    Info (12023): Found entity 1: Weight_Registers File: C:/Users/jacob/Desktop/UNIC_CASS/CNNver1/rtl/Weight_Registers.v Line: 1
Info (12021): Found 1 design units, including 1 entities, in source file rtl/cnn.v
    Info (12023): Found entity 1: CNN File: C:/Users/jacob/Desktop/UNIC_CASS/CNNver1/rtl/CNN.v Line: 1
Info (12021): Found 1 design units, including 1 entities, in source file cnnver1.v
    Info (12023): Found entity 1: CNNver1 File: C:/Users/jacob/Desktop/UNIC_CASS/CNNver1/CNNver1.v Line: 2
Info (12127): Elaborating entity "CNNver1" for the top level hierarchy
Info (12128): Elaborating entity "spi_cnn_slave_8" for hierarchy "spi_cnn_slave_8:spi_cnn_slave_8_u0" File: C:/Users/jacob/Desktop/UNIC_CASS/CNNver1/CNNver1.v Line: 54
Warning (10036): Verilog HDL or VHDL warning at spi_cnn_slave_8.v(18): object "weight_mem" assigned a value but never read File: C:/Users/jacob/Desktop/UNIC_CASS/CNNver1/rtl/spi_cnn_slave_8.v Line: 18
Warning (10230): Verilog HDL assignment warning at spi_cnn_slave_8.v(52): truncated value with size 32 to match size of target (7) File: C:/Users/jacob/Desktop/UNIC_CASS/CNNver1/rtl/spi_cnn_slave_8.v Line: 52
Warning (10230): Verilog HDL assignment warning at spi_cnn_slave_8.v(59): truncated value with size 32 to match size of target (7) File: C:/Users/jacob/Desktop/UNIC_CASS/CNNver1/rtl/spi_cnn_slave_8.v Line: 59
Warning (10230): Verilog HDL assignment warning at spi_cnn_slave_8.v(66): truncated value with size 32 to match size of target (4) File: C:/Users/jacob/Desktop/UNIC_CASS/CNNver1/rtl/spi_cnn_slave_8.v Line: 66
Warning (10230): Verilog HDL assignment warning at spi_cnn_slave_8.v(76): truncated value with size 32 to match size of target (7) File: C:/Users/jacob/Desktop/UNIC_CASS/CNNver1/rtl/spi_cnn_slave_8.v Line: 76
Warning (10230): Verilog HDL assignment warning at spi_cnn_slave_8.v(90): truncated value with size 32 to match size of target (3) File: C:/Users/jacob/Desktop/UNIC_CASS/CNNver1/rtl/spi_cnn_slave_8.v Line: 90
Info (12128): Elaborating entity "Register" for hierarchy "Register:register_u0" File: C:/Users/jacob/Desktop/UNIC_CASS/CNNver1/CNNver1.v Line: 62
Warning (10230): Verilog HDL assignment warning at Register.v(24): truncated value with size 8 to match size of target (1) File: C:/Users/jacob/Desktop/UNIC_CASS/CNNver1/rtl/Register.v Line: 24
Warning (12011): Net is missing source, defaulting to GND
    Warning (12110): Net "CNNver1_Load_InLow" is missing source, defaulting to GND File: C:/Users/jacob/Desktop/UNIC_CASS/CNNver1/CNNver1.v Line: 35
    Warning (12110): Net "CNNver1_Reset_InHigh" is missing source, defaulting to GND File: C:/Users/jacob/Desktop/UNIC_CASS/CNNver1/CNNver1.v Line: 36
Warning (12011): Net is missing source, defaulting to GND
    Warning (12110): Net "CNNver1_Load_InLow" is missing source, defaulting to GND File: C:/Users/jacob/Desktop/UNIC_CASS/CNNver1/CNNver1.v Line: 35
    Warning (12110): Net "CNNver1_Reset_InHigh" is missing source, defaulting to GND File: C:/Users/jacob/Desktop/UNIC_CASS/CNNver1/CNNver1.v Line: 36
Warning (12241): 9 hierarchies have connectivity warnings - see the Connectivity Checks report folder
Info (286030): Timing-Driven Synthesis is running
Info (16010): Generating hard_block partition "hard_block:auto_generated_inst"
    Info (16011): Adding 0 node(s), including 0 DDIO, 0 PLL, 0 transceiver and 0 LCELL
Info (21057): Implemented 19 device resources after synthesis - the final resource count might be different
    Info (21058): Implemented 3 input pins
    Info (21059): Implemented 1 output pins
    Info (21061): Implemented 15 logic cells
Info: Quartus Prime Analysis & Synthesis was successful. 0 errors, 15 warnings
    Info: Peak virtual memory: 4890 megabytes
    Info: Processing ended: Fri Feb  6 12:56:42 2026
    Info: Elapsed time: 00:00:10
    Info: Total CPU time (on all processors): 00:00:25


