Clock: clk
Sources: clk 
Generated: no
Virtual: no
Propagated: no
Period: 10.000000

===========================================================================
report_clock_properties
============================================================================
Clock                   Period          Waveform
----------------------------------------------------
clk                  10.000000    0.000000  5.000000

===========================================================================
report_clock_latency
============================================================================
Clock clk
rise -> rise
    min     max
0.000000 0.000000 source latency
0.147616         network latency _0988_/CLK
        0.147616 network latency _0988_/CLK
---------------
0.147616 0.147616 latency
        0.000000 skew

fall -> fall
    min     max
0.000000 0.000000 source latency
0.111625         network latency _0988_/CLK
        0.111625 network latency _0988_/CLK
---------------
0.111625 0.111625 latency
        0.000000 skew



===========================================================================
report_clock_min_period
============================================================================
clk period_min = 0.00 fmax = inf
