Reading timing models for corner nom_typ_1p20V_25C…
Reading timing library for the 'nom_typ_1p20V_25C' corner at '/opt/pdks/ciel/ihp-sg13g2/versions/c4b8b4e5e7a05f375cca3815d51b3a37721fbf5c/ihp-sg13g2/libs.ref/sg13g2_stdcell/lib/sg13g2_stdcell_typ_1p20V_25C.lib'…
Reading timing library for the 'nom_typ_1p20V_25C' corner at '/opt/pdks/ciel/ihp-sg13g2/versions/c4b8b4e5e7a05f375cca3815d51b3a37721fbf5c/ihp-sg13g2/libs.ref/sg13g2_io/lib/sg13g2_io_typ_1p2V_3p3V_25C.lib'…
Reading OpenROAD database at '/home/designer/shared/hdl_projects/capa_clasificacion/libreline/classifier_top/runs/RUN_2026-02-08_21-25-15/21-openroad-generatepdn/classifier_top.odb'…
Reading design constraints file at '/nix/store/8h87vsa3wlidvqi062p0312chxkh8ihd-python3.13-librelane-3.0.0.dev47/lib/python3.13/site-packages/librelane/scripts/base.sdc'…
[INFO] Using clock clk…
[INFO] Setting output delay to: 2
[INFO] Setting input delay to: 2
[INFO] Setting load to: 0.006
[INFO] Setting clock uncertainty to: 0.25
[INFO] Setting clock transition to: 0.15
[INFO] Setting timing derate to: 5%
+ global_placement -density 0.606987 -skip_io -pad_right 0 -pad_left 0 -init_wirelength_coef 0.25
[INFO GPL-0005] Execute conjugate gradient initial placement.
[INFO GPL-0002] DBU: 1000
[INFO GPL-0003] SiteSize: (  0.480  3.780 ) um
[INFO GPL-0004] CoreBBox: (  5.760 15.120 ) ( 124.320 132.300 ) um
[INFO GPL-0032] Initializing region: Top-level
[INFO GPL-0006] Number of instances:               537
[INFO GPL-0007] Movable instances:                 537
[INFO GPL-0008] Fixed instances:                     0
[INFO GPL-0009] Dummy instances:                     0
[INFO GPL-0010] Number of nets:                    556
[INFO GPL-0011] Number of pins:                   1828
[INFO GPL-0012] Die BBox:  (  0.000  0.000 ) ( 130.210 148.930 ) um
[INFO GPL-0013] Core BBox: (  5.760 15.120 ) ( 124.320 132.300 ) um
[INFO GPL-0016] Core area:                   13892.861 um^2
[INFO GPL-0014] Region name: top-level.
[INFO GPL-0015] Region area:                 13892.861 um^2
[INFO GPL-0017] Fixed instances area:            0.000 um^2
[INFO GPL-0018] Movable instances area:       7874.166 um^2
[INFO GPL-0019] Utilization:                    56.678 %
[INFO GPL-0020] Standard cells area:          7874.166 um^2
[INFO GPL-0021] Large instances area:            0.000 um^2
[INFO GPL-0033] Initializing Nesterov region: Top-level
[INFO GPL-0023] Placement target density:       0.6070
[INFO GPL-0024] Movable insts average area:     14.663 um^2
[INFO GPL-0025] Ideal bin area:                 24.157 um^2
[INFO GPL-0026] Ideal bin count:                   575
[INFO GPL-0027] Total bin area:              13892.861 um^2
[INFO GPL-0028] Bin count (X, Y):          16 ,     16
[INFO GPL-0029] Bin size (W * H):       7.410 *  7.324 um
[INFO GPL-0030] Number of bins:                    256
[INFO GPL-0007] Execute nesterov global placement.
[INFO GPL-0031] HPWL: Half-Perimeter Wirelength
Iteration | Overflow |     HPWL (um) |  HPWL(%) |   Penalty | Group
---------------------------------------------------------------
        0 |   0.9830 |  1.472917e+03 |   +0.00% |  1.67e-14 |      
       10 |   0.9801 |  1.130022e+03 |  -23.28% |  2.71e-14 |      
       20 |   0.9779 |  1.122881e+03 |   -0.63% |  4.42e-14 |      
       30 |   0.9777 |  1.122504e+03 |   -0.03% |  7.20e-14 |      
       40 |   0.9781 |  1.122907e+03 |   +0.04% |  1.17e-13 |      
       50 |   0.9780 |  1.123003e+03 |   +0.01% |  1.91e-13 |      
       60 |   0.9778 |  1.123231e+03 |   +0.02% |  3.11e-13 |      
       70 |   0.9776 |  1.124311e+03 |   +0.10% |  5.07e-13 |      
       80 |   0.9770 |  1.126209e+03 |   +0.17% |  8.25e-13 |      
       90 |   0.9759 |  1.129138e+03 |   +0.26% |  1.34e-12 |      
      100 |   0.9739 |  1.133884e+03 |   +0.42% |  2.19e-12 |      
      110 |   0.9732 |  1.141596e+03 |   +0.68% |  3.57e-12 |      
      120 |   0.9693 |  1.164598e+03 |   +2.01% |  5.81e-12 |      
      130 |   0.9607 |  1.271026e+03 |   +9.14% |  9.46e-12 |      
      140 |   0.9260 |  1.618872e+03 |  +27.37% |  1.54e-11 |      
      150 |   0.9136 |  2.040114e+03 |  +26.02% |  2.51e-11 |      
      160 |   0.8772 |  2.415039e+03 |  +18.38% |  4.09e-11 |      
      170 |   0.8573 |  2.653117e+03 |   +9.86% |  6.66e-11 |      
      180 |   0.8174 |  2.994761e+03 |  +12.88% |  1.09e-10 |      
      190 |   0.7849 |  3.353788e+03 |  +11.99% |  1.77e-10 |      
      200 |   0.7400 |  3.770595e+03 |  +12.43% |  2.88e-10 |      
      210 |   0.7002 |  4.050841e+03 |   +7.43% |  4.69e-10 |      
      220 |   0.6486 |  4.443264e+03 |   +9.69% |  7.64e-10 |      
      230 |   0.6052 |  4.770424e+03 |   +7.36% |  1.24e-09 |      
      240 |   0.5540 |  5.123701e+03 |   +7.41% |  2.03e-09 |      
      250 |   0.5050 |  5.408872e+03 |   +5.57% |  3.30e-09 |      
      260 |   0.4523 |  5.728160e+03 |   +5.90% |  5.38e-09 |      
      270 |   0.3986 |  5.987808e+03 |   +4.53% |  8.76e-09 |      
      280 |   0.3477 |  6.209726e+03 |   +3.71% |  1.43e-08 |      
      290 |   0.3021 |  6.341876e+03 |   +2.13% |  2.12e-08 |      
      300 |   0.2664 |  6.495163e+03 |   +2.42% |  3.13e-08 |      
      310 |   0.2385 |  6.667166e+03 |   +2.65% |  4.61e-08 |      
      320 |   0.2098 |  6.785401e+03 |   +1.77% |  6.79e-08 |      
      330 |   0.1829 |  6.883149e+03 |   +1.44% |  1.00e-07 |      
      340 |   0.1591 |  6.951743e+03 |   +1.00% |  1.47e-07 |      
      350 |   0.1326 |  6.988059e+03 |   +0.52% |  2.17e-07 |      
      360 |   0.1096 |  7.019344e+03 |   +0.45% |  3.20e-07 |      
      366 |   0.0989 |  7.052984e+03 |          |  4.19e-07 |      
---------------------------------------------------------------
[INFO GPL-1001] Global placement finished at iteration 366
[INFO GPL-1002] Placed Cell Area             7874.1656
[INFO GPL-1003] Available Free Area         13892.8608
[INFO GPL-1004] Minimum Feasible Density        0.5700 (cell_area / free_area)
[INFO GPL-1006]   Suggested Target Densities:
[INFO GPL-1007]     - For 90% usage of free space: 0.6298
[INFO GPL-1008]     - For 80% usage of free space: 0.7085
[INFO GPL-1014] Final placement area: 7874.17 (+0.00%)
Setting global connections for newly added cells…
[INFO] Setting global connections...
[INFO ODB-0403] 0 connections made, 0 conflicts skipped.
Updating metrics…
Cell type report:                       Count       Area
  Inverter                                 36     195.96
  Sequential cell                          43    2106.52
  Multi-Input combinational cell          458    4741.03
  Total                                   537    7043.50
Writing OpenROAD database to '/home/designer/shared/hdl_projects/capa_clasificacion/libreline/classifier_top/runs/RUN_2026-02-08_21-25-15/24-openroad-globalplacementskipio/classifier_top.odb'…
Writing netlist to '/home/designer/shared/hdl_projects/capa_clasificacion/libreline/classifier_top/runs/RUN_2026-02-08_21-25-15/24-openroad-globalplacementskipio/classifier_top.nl.v'…
Writing powered netlist to '/home/designer/shared/hdl_projects/capa_clasificacion/libreline/classifier_top/runs/RUN_2026-02-08_21-25-15/24-openroad-globalplacementskipio/classifier_top.pnl.v'…
Writing layout to '/home/designer/shared/hdl_projects/capa_clasificacion/libreline/classifier_top/runs/RUN_2026-02-08_21-25-15/24-openroad-globalplacementskipio/classifier_top.def'…
Writing timing constraints to '/home/designer/shared/hdl_projects/capa_clasificacion/libreline/classifier_top/runs/RUN_2026-02-08_21-25-15/24-openroad-globalplacementskipio/classifier_top.sdc'…
