Clock: clk
Sources: clk 
Generated: no
Virtual: yes
Propagated: no
Period: 10.000000

===========================================================================
report_clock_properties
============================================================================
Clock                   Period          Waveform
----------------------------------------------------
clk                  10.000000    0.000000  5.000000

===========================================================================
report_clock_latency
============================================================================
Clock clk
rise -> rise
    min     max
0.000000 0.000000 source latency
0.319084         network latency _1030_/CLK
        0.333712 network latency _1000_/CLK
---------------
0.319084 0.333712 latency
        0.014628 skew

fall -> fall
    min     max
0.000000 0.000000 source latency
0.312348         network latency _1030_/CLK
        0.326327 network latency _1000_/CLK
---------------
0.312348 0.326327 latency
        0.013978 skew



===========================================================================
report_clock_min_period
============================================================================
clk period_min = 4.74 fmax = 210.92
