Clock: clk
Sources: clk 
Generated: no
Virtual: yes
Propagated: no
Period: 10.000000

===========================================================================
report_clock_properties
============================================================================
Clock                   Period          Waveform
----------------------------------------------------
clk                  10.000000    0.000000  5.000000

===========================================================================
report_clock_latency
============================================================================
Clock clk
rise -> rise
    min     max
0.000000 0.000000 source latency
0.215412         network latency _1007_/CLK
        0.237593 network latency _0999_/CLK
---------------
0.215412 0.237593 latency
        0.022181 skew

fall -> fall
    min     max
0.000000 0.000000 source latency
0.210837         network latency _1007_/CLK
        0.232766 network latency _0999_/CLK
---------------
0.210837 0.232766 latency
        0.021930 skew



===========================================================================
report_clock_min_period
============================================================================
clk period_min = 3.27 fmax = 306.11
