2026-02-08 21:26:31 +0000: Memory Usage (424364K) : Starting running IHP-SG13G2 KLayout DRC runset on /home/designer/shared/hdl_projects/capa_clasificacion/libreline/classifier_top/runs/RUN_2026-02-08_21-25-15/57-magic-streamout/classifier_top.gds
2026-02-08 21:26:31 +0000: Memory Usage (424364K) : Ruby Version for klayout: 3.3.10
2026-02-08 21:26:31 +0000: Memory Usage (425516K) : Loading database to memory is complete.
2026-02-08 21:26:31 +0000: Memory Usage (425516K) : IHP-SG13G2 KLayout DRC runset output at: /home/designer/shared/hdl_projects/capa_clasificacion/libreline/classifier_top/runs/RUN_2026-02-08_21-25-15/64-klayout-drc/reports/drc.klayout.lyrdb
2026-02-08 21:26:31 +0000: Memory Usage (425644K) : Evaluate switches.
2026-02-08 21:26:31 +0000: Memory Usage (425644K) : tables selected: main
2026-02-08 21:26:31 +0000: Memory Usage (425644K) : KLayout will use 16 thread(s) in tiling mode.
2026-02-08 21:26:31 +0000: Memory Usage (425644K) : deep mode is enabled.
2026-02-08 21:26:31 +0000: Memory Usage (425644K) : FEOL enabled: true
2026-02-08 21:26:31 +0000: Memory Usage (425644K) : BEOL enabled: true
2026-02-08 21:26:31 +0000: Memory Usage (425644K) : OFFGRID enabled: true
2026-02-08 21:26:31 +0000: Memory Usage (425644K) : PIN enabled: true
2026-02-08 21:26:31 +0000: Memory Usage (425644K) : FORBIDDEN enabled: true
2026-02-08 21:26:31 +0000: Memory Usage (425644K) : RECOMMENDED enabled: false
2026-02-08 21:26:31 +0000: Memory Usage (425644K) : PreCheck DRC enabled: false
2026-02-08 21:26:31 +0000: Memory Usage (425644K) : CONNECTIVITY_RULES enabled: true.
2026-02-08 21:26:31 +0000: Memory Usage (425644K) : Read in polygons from layers.
2026-02-08 21:26:31 +0000: Memory Usage (426796K) : activ_drw has 5878 polygons
2026-02-08 21:26:31 +0000: Memory Usage (426796K) : activ_pin has 0 polygons
2026-02-08 21:26:31 +0000: Memory Usage (426796K) : activ_mask has 0 polygons
2026-02-08 21:26:31 +0000: Memory Usage (426796K) : activ_filler has 0 polygons
2026-02-08 21:26:31 +0000: Memory Usage (426924K) : activ_nofill has 0 polygons
2026-02-08 21:26:31 +0000: Memory Usage (426924K) : activ_opc has 0 polygons
2026-02-08 21:26:31 +0000: Memory Usage (426924K) : activ_iopc has 0 polygons
2026-02-08 21:26:31 +0000: Memory Usage (426924K) : activ_noqrc has 0 polygons
2026-02-08 21:26:31 +0000: Memory Usage (427052K) : biwind_drw has 0 polygons
2026-02-08 21:26:31 +0000: Memory Usage (427052K) : biwind_opc has 0 polygons
2026-02-08 21:26:31 +0000: Memory Usage (427180K) : pemwind_drw has 0 polygons
2026-02-08 21:26:31 +0000: Memory Usage (427180K) : gatpoly_drw has 5262 polygons
2026-02-08 21:26:31 +0000: Memory Usage (427180K) : gatpoly_pin has 0 polygons
2026-02-08 21:26:31 +0000: Memory Usage (427308K) : gatpoly_filler has 0 polygons
2026-02-08 21:26:31 +0000: Memory Usage (427308K) : gatpoly_nofill has 0 polygons
2026-02-08 21:26:31 +0000: Memory Usage (427308K) : gatpoly_opc has 0 polygons
2026-02-08 21:26:31 +0000: Memory Usage (427308K) : gatpoly_iopc has 0 polygons
2026-02-08 21:26:31 +0000: Memory Usage (427308K) : gatpoly_noqrc has 0 polygons
2026-02-08 21:26:31 +0000: Memory Usage (427308K) : cont_drw has 41097 polygons
2026-02-08 21:26:31 +0000: Memory Usage (427308K) : cont_opc has 0 polygons
2026-02-08 21:26:31 +0000: Memory Usage (427308K) : nsd_drw has 0 polygons
2026-02-08 21:26:31 +0000: Memory Usage (427308K) : nsd_block has 0 polygons
2026-02-08 21:26:31 +0000: Memory Usage (427308K) : metal1_drw has 10998 polygons
2026-02-08 21:26:31 +0000: Memory Usage (427436K) : metal1_pin has 4958 polygons
2026-02-08 21:26:31 +0000: Memory Usage (427436K) : metal1_mask has 0 polygons
2026-02-08 21:26:31 +0000: Memory Usage (427436K) : metal1_filler has 0 polygons
2026-02-08 21:26:31 +0000: Memory Usage (427564K) : metal1_nofill has 0 polygons
2026-02-08 21:26:31 +0000: Memory Usage (427564K) : metal1_slit has 0 polygons
2026-02-08 21:26:31 +0000: Memory Usage (427820K) : metal1_text has 4868 polygons
2026-02-08 21:26:31 +0000: Memory Usage (427820K) : metal1_opc has 0 polygons
2026-02-08 21:26:31 +0000: Memory Usage (427948K) : metal1_noqrc has 0 polygons
2026-02-08 21:26:31 +0000: Memory Usage (427948K) : metal1_res has 0 polygons
2026-02-08 21:26:31 +0000: Memory Usage (428076K) : metal1_iprobe has 0 polygons
2026-02-08 21:26:31 +0000: Memory Usage (428076K) : metal1_diffprb has 0 polygons
2026-02-08 21:26:31 +0000: Memory Usage (428076K) : passiv_drw has 0 polygons
2026-02-08 21:26:31 +0000: Memory Usage (428204K) : passiv_pin has 0 polygons
2026-02-08 21:26:31 +0000: Memory Usage (428204K) : passiv_sbump has 0 polygons
2026-02-08 21:26:31 +0000: Memory Usage (428332K) : passiv_pillar has 0 polygons
2026-02-08 21:26:31 +0000: Memory Usage (428332K) : passiv_pdl has 0 polygons
2026-02-08 21:26:31 +0000: Memory Usage (428332K) : metal2_drw has 5811 polygons
2026-02-08 21:26:31 +0000: Memory Usage (428332K) : metal2_pin has 21 polygons
2026-02-08 21:26:31 +0000: Memory Usage (428332K) : metal2_mask has 0 polygons
2026-02-08 21:26:31 +0000: Memory Usage (428460K) : metal2_filler has 0 polygons
2026-02-08 21:26:31 +0000: Memory Usage (428460K) : metal2_nofill has 0 polygons
2026-02-08 21:26:31 +0000: Memory Usage (428588K) : metal2_slit has 0 polygons
2026-02-08 21:26:31 +0000: Memory Usage (428588K) : metal2_text has 555 polygons
2026-02-08 21:26:31 +0000: Memory Usage (428716K) : metal2_opc has 0 polygons
2026-02-08 21:26:31 +0000: Memory Usage (428844K) : metal2_noqrc has 0 polygons
2026-02-08 21:26:31 +0000: Memory Usage (428844K) : metal2_res has 0 polygons
2026-02-08 21:26:31 +0000: Memory Usage (428972K) : metal2_iprobe has 0 polygons
2026-02-08 21:26:31 +0000: Memory Usage (428972K) : metal2_diffprb has 0 polygons
2026-02-08 21:26:31 +0000: Memory Usage (429100K) : baspoly_drw has 0 polygons
2026-02-08 21:26:31 +0000: Memory Usage (429100K) : baspoly_pin has 0 polygons
2026-02-08 21:26:31 +0000: Memory Usage (429228K) : psd_drw has 2707 polygons
2026-02-08 21:26:31 +0000: Memory Usage (429228K) : nldb_drw has 0 polygons
2026-02-08 21:26:31 +0000: Memory Usage (429356K) : digibnd_drw has 0 polygons
2026-02-08 21:26:31 +0000: Memory Usage (429356K) : via1_drw has 2510 polygons
2026-02-08 21:26:31 +0000: Memory Usage (429612K) : backmetal1_drw has 0 polygons
2026-02-08 21:26:31 +0000: Memory Usage (429612K) : backmetal1_pin has 0 polygons
2026-02-08 21:26:31 +0000: Memory Usage (429612K) : backmetal1_mask has 0 polygons
2026-02-08 21:26:31 +0000: Memory Usage (429740K) : backmetal1_filler has 0 polygons
2026-02-08 21:26:31 +0000: Memory Usage (429740K) : backmetal1_nofill has 0 polygons
2026-02-08 21:26:31 +0000: Memory Usage (429868K) : backmetal1_slit has 0 polygons
2026-02-08 21:26:31 +0000: Memory Usage (429868K) : backmetal1_text has 0 polygons
2026-02-08 21:26:31 +0000: Memory Usage (429996K) : backmetal1_opc has 0 polygons
2026-02-08 21:26:31 +0000: Memory Usage (429996K) : backmetal1_noqrc has 0 polygons
2026-02-08 21:26:31 +0000: Memory Usage (430124K) : backmetal1_res has 0 polygons
2026-02-08 21:26:31 +0000: Memory Usage (430124K) : backmetal1_iprobe has 0 polygons
2026-02-08 21:26:31 +0000: Memory Usage (430252K) : backmetal1_diffprb has 0 polygons
2026-02-08 21:26:31 +0000: Memory Usage (430252K) : backpassiv_drw has 0 polygons
2026-02-08 21:26:31 +0000: Memory Usage (430380K) : res_drw has 0 polygons
2026-02-08 21:26:31 +0000: Memory Usage (430380K) : sram_drw has 0 polygons
2026-02-08 21:26:31 +0000: Memory Usage (430380K) : trans_drw has 0 polygons
2026-02-08 21:26:31 +0000: Memory Usage (430764K) : ind_drw has 0 polygons
2026-02-08 21:26:31 +0000: Memory Usage (430764K) : ind_pin has 0 polygons
2026-02-08 21:26:31 +0000: Memory Usage (430892K) : ind_text has 0 polygons
2026-02-08 21:26:31 +0000: Memory Usage (430892K) : salblock_drw has 0 polygons
2026-02-08 21:26:31 +0000: Memory Usage (430892K) : via2_drw has 2086 polygons
2026-02-08 21:26:31 +0000: Memory Usage (430892K) : metal3_drw has 1292 polygons
2026-02-08 21:26:31 +0000: Memory Usage (430892K) : metal3_pin has 41 polygons
2026-02-08 21:26:31 +0000: Memory Usage (431020K) : metal3_mask has 0 polygons
2026-02-08 21:26:31 +0000: Memory Usage (431020K) : metal3_filler has 0 polygons
2026-02-08 21:26:31 +0000: Memory Usage (431148K) : metal3_nofill has 0 polygons
2026-02-08 21:26:31 +0000: Memory Usage (431276K) : metal3_slit has 0 polygons
2026-02-08 21:26:31 +0000: Memory Usage (431276K) : metal3_text has 227 polygons
2026-02-08 21:26:31 +0000: Memory Usage (431404K) : metal3_opc has 0 polygons
2026-02-08 21:26:31 +0000: Memory Usage (431404K) : metal3_noqrc has 0 polygons
2026-02-08 21:26:31 +0000: Memory Usage (431532K) : metal3_res has 0 polygons
2026-02-08 21:26:31 +0000: Memory Usage (431532K) : metal3_iprobe has 0 polygons
2026-02-08 21:26:31 +0000: Memory Usage (431660K) : metal3_diffprb has 0 polygons
2026-02-08 21:26:31 +0000: Memory Usage (431660K) : nwell_drw has 1349 polygons
2026-02-08 21:26:31 +0000: Memory Usage (431788K) : nwell_pin has 0 polygons
2026-02-08 21:26:31 +0000: Memory Usage (431788K) : nbulay_drw has 0 polygons
2026-02-08 21:26:31 +0000: Memory Usage (431916K) : nbulay_pin has 0 polygons
2026-02-08 21:26:31 +0000: Memory Usage (431916K) : nbulay_block has 0 polygons
2026-02-08 21:26:31 +0000: Memory Usage (432044K) : emwind_drw has 0 polygons
2026-02-08 21:26:31 +0000: Memory Usage (432044K) : emwind_opc has 0 polygons
2026-02-08 21:26:31 +0000: Memory Usage (432172K) : deepco_drw has 0 polygons
2026-02-08 21:26:31 +0000: Memory Usage (432172K) : deepco_drw has 0 polygons
2026-02-08 21:26:31 +0000: Memory Usage (432300K) : mim_drw has 0 polygons
2026-02-08 21:26:31 +0000: Memory Usage (432300K) : edgeseal_drw has 0 polygons
2026-02-08 21:26:31 +0000: Memory Usage (432428K) : edgeseal_bound has 0 polygons
2026-02-08 21:26:31 +0000: Memory Usage (432428K) : substrate_drw has 0 polygons
2026-02-08 21:26:31 +0000: Memory Usage (432556K) : substrate_text has 0 polygons
2026-02-08 21:26:31 +0000: Memory Usage (432556K) : dfpad_drw has 0 polygons
2026-02-08 21:26:31 +0000: Memory Usage (432684K) : dfpad_pillar has 0 polygons
2026-02-08 21:26:31 +0000: Memory Usage (432684K) : dfpad_sbump has 0 polygons
2026-02-08 21:26:31 +0000: Memory Usage (432812K) : thickgateox_drw has 0 polygons
2026-02-08 21:26:31 +0000: Memory Usage (432812K) : pldb_drw has 0 polygons
2026-02-08 21:26:31 +0000: Memory Usage (432940K) : pwell_drw has 0 polygons
2026-02-08 21:26:31 +0000: Memory Usage (432940K) : pwell_pin has 0 polygons
2026-02-08 21:26:31 +0000: Memory Usage (433068K) : pwell_block has 0 polygons
2026-02-08 21:26:31 +0000: Memory Usage (433068K) : ic_drw has 0 polygons
2026-02-08 21:26:31 +0000: Memory Usage (433196K) : via3_drw has 379 polygons
2026-02-08 21:26:31 +0000: Memory Usage (433196K) : metal4_drw has 92 polygons
2026-02-08 21:26:31 +0000: Memory Usage (433324K) : metal4_pin has 0 polygons
2026-02-08 21:26:31 +0000: Memory Usage (433324K) : metal4_mask has 0 polygons
2026-02-08 21:26:31 +0000: Memory Usage (433452K) : metal4_filler has 0 polygons
2026-02-08 21:26:31 +0000: Memory Usage (433452K) : metal4_nofill has 0 polygons
2026-02-08 21:26:31 +0000: Memory Usage (433580K) : metal4_slit has 0 polygons
2026-02-08 21:26:31 +0000: Memory Usage (433708K) : metal4_text has 1 polygons
2026-02-08 21:26:31 +0000: Memory Usage (433708K) : metal4_opc has 0 polygons
2026-02-08 21:26:31 +0000: Memory Usage (433836K) : metal4_noqrc has 0 polygons
2026-02-08 21:26:31 +0000: Memory Usage (433836K) : metal4_res has 0 polygons
2026-02-08 21:26:31 +0000: Memory Usage (433964K) : metal4_iprobe has 0 polygons
2026-02-08 21:26:31 +0000: Memory Usage (433964K) : metal4_diffprb has 0 polygons
2026-02-08 21:26:31 +0000: Memory Usage (434092K) : heattrans_drw has 0 polygons
2026-02-08 21:26:31 +0000: Memory Usage (434092K) : heatres_drw has 0 polygons
2026-02-08 21:26:31 +0000: Memory Usage (434220K) : pempoly_drw has 0 polygons
2026-02-08 21:26:31 +0000: Memory Usage (434220K) : fbe_drw has 0 polygons
2026-02-08 21:26:31 +0000: Memory Usage (434348K) : empoly_drw has 0 polygons
2026-02-08 21:26:31 +0000: Memory Usage (434348K) : ldmos_drw has 0 polygons
2026-02-08 21:26:31 +0000: Memory Usage (434476K) : pbiwind_drw has 0 polygons
2026-02-08 21:26:31 +0000: Memory Usage (434476K) : digisub_drw has 0 polygons
2026-02-08 21:26:31 +0000: Memory Usage (434604K) : nodrc_drw has 0 polygons
2026-02-08 21:26:31 +0000: Memory Usage (434604K) : text_drw has 0 polygons
2026-02-08 21:26:31 +0000: Memory Usage (434732K) : via4_drw has 320 polygons
2026-02-08 21:26:31 +0000: Memory Usage (434732K) : metal5_drw has 64 polygons
2026-02-08 21:26:31 +0000: Memory Usage (434860K) : metal5_pin has 0 polygons
2026-02-08 21:26:31 +0000: Memory Usage (434860K) : metal5_mask has 0 polygons
2026-02-08 21:26:31 +0000: Memory Usage (434988K) : metal5_filler has 0 polygons
2026-02-08 21:26:31 +0000: Memory Usage (434988K) : metal5_nofill has 0 polygons
2026-02-08 21:26:31 +0000: Memory Usage (435116K) : metal5_slit has 0 polygons
2026-02-08 21:26:31 +0000: Memory Usage (435116K) : metal5_text has 0 polygons
2026-02-08 21:26:31 +0000: Memory Usage (435244K) : metal5_opc has 0 polygons
2026-02-08 21:26:31 +0000: Memory Usage (435244K) : metal5_noqrc has 0 polygons
2026-02-08 21:26:31 +0000: Memory Usage (435372K) : metal5_res has 0 polygons
2026-02-08 21:26:31 +0000: Memory Usage (435372K) : metal5_iprobe has 0 polygons
2026-02-08 21:26:31 +0000: Memory Usage (435500K) : metal5_diffprb has 0 polygons
2026-02-08 21:26:31 +0000: Memory Usage (435500K) : radhard_drw has 0 polygons
2026-02-08 21:26:31 +0000: Memory Usage (435628K) : memcap_drw has 0 polygons
2026-02-08 21:26:31 +0000: Memory Usage (435628K) : varicap_drw has 0 polygons
2026-02-08 21:26:31 +0000: Memory Usage (435756K) : flash_drw has 0 polygons
2026-02-08 21:26:31 +0000: Memory Usage (435756K) : intbondvia_drw has 0 polygons
2026-02-08 21:26:31 +0000: Memory Usage (435884K) : intbondmet_drw has 0 polygons
2026-02-08 21:26:31 +0000: Memory Usage (435884K) : devbondvia_drw has 0 polygons
2026-02-08 21:26:31 +0000: Memory Usage (436012K) : devbondmet_drw has 0 polygons
2026-02-08 21:26:31 +0000: Memory Usage (436012K) : devtrench_drw has 0 polygons
2026-02-08 21:26:31 +0000: Memory Usage (436140K) : redist_drw has 0 polygons
2026-02-08 21:26:31 +0000: Memory Usage (436140K) : graphbot_drw has 0 polygons
2026-02-08 21:26:31 +0000: Memory Usage (436268K) : graphtop_drw has 0 polygons
2026-02-08 21:26:31 +0000: Memory Usage (436268K) : antvia1_drw has 0 polygons
2026-02-08 21:26:31 +0000: Memory Usage (436396K) : antmetal2_drw has 0 polygons
2026-02-08 21:26:31 +0000: Memory Usage (436524K) : graphcont_drw has 0 polygons
2026-02-08 21:26:31 +0000: Memory Usage (436524K) : siwg_drw has 0 polygons
2026-02-08 21:26:31 +0000: Memory Usage (436524K) : siwg_filler has 0 polygons
2026-02-08 21:26:31 +0000: Memory Usage (436524K) : siwg_nofill has 0 polygons
2026-02-08 21:26:31 +0000: Memory Usage (436524K) : sigrating_drw has 0 polygons
2026-02-08 21:26:31 +0000: Memory Usage (436524K) : singrating_drw has 0 polygons
2026-02-08 21:26:31 +0000: Memory Usage (436524K) : graphpas_drw has 0 polygons
2026-02-08 21:26:31 +0000: Memory Usage (436524K) : emwind3_drw has 0 polygons
2026-02-08 21:26:31 +0000: Memory Usage (436524K) : emwihv3_drw has 0 polygons
2026-02-08 21:26:31 +0000: Memory Usage (436524K) : redbulay_drw has 0 polygons
2026-02-08 21:26:31 +0000: Memory Usage (436524K) : smos_drw has 0 polygons
2026-02-08 21:26:31 +0000: Memory Usage (436524K) : graphpad_drw has 0 polygons
2026-02-08 21:26:31 +0000: Memory Usage (436524K) : polimide_drw has 0 polygons
2026-02-08 21:26:31 +0000: Memory Usage (436524K) : polimide_pin has 0 polygons
2026-02-08 21:26:31 +0000: Memory Usage (436524K) : recog_drw has 0 polygons
2026-02-08 21:26:31 +0000: Memory Usage (436524K) : recog_pin has 0 polygons
2026-02-08 21:26:31 +0000: Memory Usage (436524K) : recog_esd has 0 polygons
2026-02-08 21:26:31 +0000: Memory Usage (436524K) : recog_diode has 0 polygons
2026-02-08 21:26:31 +0000: Memory Usage (436524K) : recog_tsv has 0 polygons
2026-02-08 21:26:31 +0000: Memory Usage (436524K) : recog_iprobe has 0 polygons
2026-02-08 21:26:31 +0000: Memory Usage (436524K) : recog_diffprb has 0 polygons
2026-02-08 21:26:31 +0000: Memory Usage (436524K) : recog_pillar has 0 polygons
2026-02-08 21:26:31 +0000: Memory Usage (436524K) : recog_sbump has 0 polygons
2026-02-08 21:26:31 +0000: Memory Usage (436524K) : recog_otp has 0 polygons
2026-02-08 21:26:31 +0000: Memory Usage (436524K) : recog_pdiode has 0 polygons
2026-02-08 21:26:31 +0000: Memory Usage (436524K) : recog_mom has 0 polygons
2026-02-08 21:26:31 +0000: Memory Usage (436524K) : recog_pcm has 0 polygons
2026-02-08 21:26:31 +0000: Memory Usage (436524K) : colopen_drw has 0 polygons
2026-02-08 21:26:31 +0000: Memory Usage (436524K) : graphmetal1_drw has 0 polygons
2026-02-08 21:26:31 +0000: Memory Usage (436524K) : graphmetal1_filler has 0 polygons
2026-02-08 21:26:31 +0000: Memory Usage (436524K) : graphmetal1_nofill has 0 polygons
2026-02-08 21:26:31 +0000: Memory Usage (436524K) : graphmetal1_slit has 0 polygons
2026-02-08 21:26:31 +0000: Memory Usage (436524K) : graphmetal1_opc has 0 polygons
2026-02-08 21:26:31 +0000: Memory Usage (436524K) : graphmet1l_drw has 0 polygons
2026-02-08 21:26:31 +0000: Memory Usage (436524K) : graphmet1l_filler has 0 polygons
2026-02-08 21:26:31 +0000: Memory Usage (436524K) : graphmet1l_nofill has 0 polygons
2026-02-08 21:26:31 +0000: Memory Usage (436524K) : graphmet1l_slit has 0 polygons
2026-02-08 21:26:31 +0000: Memory Usage (436524K) : graphmet1l_opc has 0 polygons
2026-02-08 21:26:31 +0000: Memory Usage (436524K) : extblock_drw has 0 polygons
2026-02-08 21:26:31 +0000: Memory Usage (436524K) : nldd_drw has 0 polygons
2026-02-08 21:26:31 +0000: Memory Usage (436524K) : pldd_drw has 0 polygons
2026-02-08 21:26:31 +0000: Memory Usage (436524K) : next_drw has 0 polygons
2026-02-08 21:26:31 +0000: Memory Usage (436524K) : pext_drw has 0 polygons
2026-02-08 21:26:31 +0000: Memory Usage (436524K) : nexthv_drw has 0 polygons
2026-02-08 21:26:31 +0000: Memory Usage (436524K) : pexthv_drw has 0 polygons
2026-02-08 21:26:31 +0000: Memory Usage (436524K) : graphgate_drw has 0 polygons
2026-02-08 21:26:31 +0000: Memory Usage (436524K) : sinwg_drw has 0 polygons
2026-02-08 21:26:31 +0000: Memory Usage (436524K) : sinwg_filler has 0 polygons
2026-02-08 21:26:31 +0000: Memory Usage (436524K) : sinwg_nofill has 0 polygons
2026-02-08 21:26:31 +0000: Memory Usage (436524K) : mempad_drw has 0 polygons
2026-02-08 21:26:31 +0000: Memory Usage (436524K) : topvia1_drw has 128 polygons
2026-02-08 21:26:31 +0000: Memory Usage (436524K) : topmetal1_drw has 4 polygons
2026-02-08 21:26:31 +0000: Memory Usage (436524K) : topmetal1_pin has 4 polygons
2026-02-08 21:26:31 +0000: Memory Usage (436524K) : topmetal1_mask has 0 polygons
2026-02-08 21:26:31 +0000: Memory Usage (436524K) : topmetal1_filler has 0 polygons
2026-02-08 21:26:31 +0000: Memory Usage (436652K) : topmetal1_nofill has 0 polygons
2026-02-08 21:26:31 +0000: Memory Usage (436652K) : topmetal1_slit has 0 polygons
2026-02-08 21:26:31 +0000: Memory Usage (436780K) : topmetal1_text has 4 polygons
2026-02-08 21:26:31 +0000: Memory Usage (436780K) : topmetal1_noqrc has 0 polygons
2026-02-08 21:26:31 +0000: Memory Usage (436908K) : topmetal1_res has 0 polygons
2026-02-08 21:26:31 +0000: Memory Usage (436908K) : topmetal1_iprobe has 0 polygons
2026-02-08 21:26:31 +0000: Memory Usage (437036K) : topmetal1_diffprb has 0 polygons
2026-02-08 21:26:31 +0000: Memory Usage (437036K) : inldpwl_drw has 0 polygons
2026-02-08 21:26:31 +0000: Memory Usage (437164K) : polyres_drw has 0 polygons
2026-02-08 21:26:31 +0000: Memory Usage (437164K) : polyres_pin has 0 polygons
2026-02-08 21:26:31 +0000: Memory Usage (437292K) : vmim_drw has 0 polygons
2026-02-08 21:26:31 +0000: Memory Usage (437292K) : nbulaycut_drw has 0 polygons
2026-02-08 21:26:31 +0000: Memory Usage (437420K) : antmetal1_drw has 0 polygons
2026-02-08 21:26:31 +0000: Memory Usage (437420K) : topvia2_drw has 8 polygons
2026-02-08 21:26:31 +0000: Memory Usage (437548K) : topmetal2_drw has 4 polygons
2026-02-08 21:26:31 +0000: Memory Usage (437548K) : topmetal2_pin has 4 polygons
2026-02-08 21:26:31 +0000: Memory Usage (437676K) : topmetal2_mask has 0 polygons
2026-02-08 21:26:31 +0000: Memory Usage (437676K) : topmetal2_filler has 0 polygons
2026-02-08 21:26:31 +0000: Memory Usage (437804K) : topmetal2_nofill has 0 polygons
2026-02-08 21:26:31 +0000: Memory Usage (437804K) : topmetal2_slit has 0 polygons
2026-02-08 21:26:31 +0000: Memory Usage (437932K) : topmetal2_text has 4 polygons
2026-02-08 21:26:31 +0000: Memory Usage (437932K) : topmetal2_noqrc has 0 polygons
2026-02-08 21:26:31 +0000: Memory Usage (438060K) : topmetal2_res has 0 polygons
2026-02-08 21:26:31 +0000: Memory Usage (438060K) : topmetal2_iprobe has 0 polygons
2026-02-08 21:26:31 +0000: Memory Usage (438188K) : topmetal2_diffprb has 0 polygons
2026-02-08 21:26:31 +0000: Memory Usage (438188K) : snsring_drw has 0 polygons
2026-02-08 21:26:31 +0000: Memory Usage (438316K) : sensor_drw has 0 polygons
2026-02-08 21:26:31 +0000: Memory Usage (438316K) : snsarms_drw has 0 polygons
2026-02-08 21:26:31 +0000: Memory Usage (438444K) : snscmosvia_drw has 0 polygons
2026-02-08 21:26:31 +0000: Memory Usage (438444K) : colwind_drw has 0 polygons
2026-02-08 21:26:31 +0000: Memory Usage (438572K) : flm_drw has 0 polygons
2026-02-08 21:26:31 +0000: Memory Usage (438572K) : hafniumox_drw has 0 polygons
2026-02-08 21:26:31 +0000: Memory Usage (438700K) : memvia_drw has 0 polygons
2026-02-08 21:26:31 +0000: Memory Usage (438700K) : thinfilmres_drw has 0 polygons
2026-02-08 21:26:31 +0000: Memory Usage (438828K) : rfmem_drw has 0 polygons
2026-02-08 21:26:31 +0000: Memory Usage (438828K) : norcx_drw has 0 polygons
2026-02-08 21:26:31 +0000: Memory Usage (438956K) : norcx_m2m3 has 0 polygons
2026-02-08 21:26:31 +0000: Memory Usage (438956K) : norcx_m2m4 has 0 polygons
2026-02-08 21:26:31 +0000: Memory Usage (439084K) : norcx_m2m5 has 0 polygons
2026-02-08 21:26:31 +0000: Memory Usage (439212K) : norcx_m2tm1 has 0 polygons
2026-02-08 21:26:31 +0000: Memory Usage (439212K) : norcx_m2tm2 has 0 polygons
2026-02-08 21:26:31 +0000: Memory Usage (439340K) : norcx_m3m4 has 0 polygons
2026-02-08 21:26:31 +0000: Memory Usage (439340K) : norcx_m3m5 has 0 polygons
2026-02-08 21:26:31 +0000: Memory Usage (439468K) : norcx_m3tm1 has 0 polygons
2026-02-08 21:26:31 +0000: Memory Usage (439468K) : norcx_m3tm2 has 0 polygons
2026-02-08 21:26:31 +0000: Memory Usage (439596K) : norcx_m4m5 has 0 polygons
2026-02-08 21:26:31 +0000: Memory Usage (439724K) : norcx_m4tm1 has 0 polygons
2026-02-08 21:26:31 +0000: Memory Usage (439724K) : norcx_m4tm2 has 0 polygons
2026-02-08 21:26:31 +0000: Memory Usage (439724K) : norcx_m5tm1 has 0 polygons
2026-02-08 21:26:31 +0000: Memory Usage (439724K) : norcx_m5tm2 has 0 polygons
2026-02-08 21:26:31 +0000: Memory Usage (439724K) : norcx_tm1tm2 has 0 polygons
2026-02-08 21:26:31 +0000: Memory Usage (439724K) : norcx_m1sub has 0 polygons
2026-02-08 21:26:31 +0000: Memory Usage (439724K) : norcx_m2sub has 0 polygons
2026-02-08 21:26:31 +0000: Memory Usage (439724K) : norcx_m3sub has 0 polygons
2026-02-08 21:26:31 +0000: Memory Usage (439724K) : norcx_m4sub has 0 polygons
2026-02-08 21:26:31 +0000: Memory Usage (439724K) : norcx_m5sub has 0 polygons
2026-02-08 21:26:31 +0000: Memory Usage (439724K) : norcx_tm1sub has 0 polygons
2026-02-08 21:26:31 +0000: Memory Usage (439724K) : norcx_tm2sub has 0 polygons
2026-02-08 21:26:31 +0000: Memory Usage (439724K) : snsbotvia_drw has 0 polygons
2026-02-08 21:26:31 +0000: Memory Usage (439724K) : snstopvia_drw has 0 polygons
2026-02-08 21:26:31 +0000: Memory Usage (439724K) : deepvia_drw has 0 polygons
2026-02-08 21:26:31 +0000: Memory Usage (439724K) : fgetch_drw has 0 polygons
2026-02-08 21:26:31 +0000: Memory Usage (439724K) : ctrgat_drw has 0 polygons
2026-02-08 21:26:31 +0000: Memory Usage (439724K) : fgimp_drw has 0 polygons
2026-02-08 21:26:31 +0000: Memory Usage (439724K) : emwihv_drw has 0 polygons
2026-02-08 21:26:31 +0000: Memory Usage (439724K) : lbe_drw has 0 polygons
2026-02-08 21:26:31 +0000: Memory Usage (439724K) : alcustop_drw has 0 polygons
2026-02-08 21:26:31 +0000: Memory Usage (439724K) : nometfiller_drw has 0 polygons
2026-02-08 21:26:31 +0000: Memory Usage (439724K) : prboundary_drw has 0 polygons
2026-02-08 21:26:31 +0000: Memory Usage (439724K) : exchange0_drw has 0 polygons
2026-02-08 21:26:31 +0000: Memory Usage (439724K) : exchange0_pin has 0 polygons
2026-02-08 21:26:31 +0000: Memory Usage (439724K) : exchange0_text has 0 polygons
2026-02-08 21:26:31 +0000: Memory Usage (439724K) : exchange1_drw has 0 polygons
2026-02-08 21:26:31 +0000: Memory Usage (439724K) : exchange1_pin has 0 polygons
2026-02-08 21:26:31 +0000: Memory Usage (439724K) : exchange1_text has 0 polygons
2026-02-08 21:26:31 +0000: Memory Usage (439724K) : exchange2_drw has 0 polygons
2026-02-08 21:26:31 +0000: Memory Usage (439724K) : exchange2_pin has 0 polygons
2026-02-08 21:26:31 +0000: Memory Usage (439724K) : exchange2_text has 0 polygons
2026-02-08 21:26:31 +0000: Memory Usage (439724K) : exchange3_drw has 0 polygons
2026-02-08 21:26:31 +0000: Memory Usage (439724K) : exchange3_pin has 0 polygons
2026-02-08 21:26:31 +0000: Memory Usage (439724K) : exchange3_text has 0 polygons
2026-02-08 21:26:31 +0000: Memory Usage (439724K) : exchange4_drw has 0 polygons
2026-02-08 21:26:31 +0000: Memory Usage (439724K) : exchange4_pin has 0 polygons
2026-02-08 21:26:31 +0000: Memory Usage (439724K) : exchange4_text has 0 polygons
2026-02-08 21:26:31 +0000: Memory Usage (439724K) : isonwell_drw has 0 polygons
2026-02-08 21:26:31 +0000: Memory Usage (439724K) : Total no. of polygons in the design is 90676
2026-02-08 21:26:31 +0000: Memory Usage (439724K) : Loaded TECH DRC rules values from /opt/pdks/ciel/ihp-sg13g2/versions/c4b8b4e5e7a05f375cca3815d51b3a37721fbf5c/ihp-sg13g2/libs.tech/klayout/python/sg13g2_pycell_lib/sg13g2_tech_mod.json
2026-02-08 21:26:31 +0000: Memory Usage (439724K) : Loaded default DRC rules values from /opt/pdks/ciel/ihp-sg13g2/versions/c4b8b4e5e7a05f375cca3815d51b3a37721fbf5c/ihp-sg13g2/libs.tech/klayout/tech/drc/rule_decks/sg13g2_tech_default.json
2026-02-08 21:26:31 +0000: Memory Usage (439724K) : The following rules values were missing in tech json and default values were used:
2026-02-08 21:26:31 +0000: Memory Usage (439724K) :   - Cnt_c_digibnd
2026-02-08 21:26:31 +0000: Memory Usage (440492K) : Total area of the design is 19392.1753 um^2.
2026-02-08 21:26:31 +0000: Memory Usage (440492K) : The design dimensions are 130.21 µm * 148.93 µm.
2026-02-08 21:26:31 +0000: Memory Usage (440492K) : Starting general IHP-SG13G2 derivations.
2026-02-08 21:26:31 +0000: Memory Usage (440492K) : Starting Pwell derivations
2026-02-08 21:26:31 +0000: Memory Usage (442796K) : Starting n-Activ derivations
2026-02-08 21:26:31 +0000: Memory Usage (444204K) : Starting p-Activ derivations
2026-02-08 21:26:31 +0000: Memory Usage (445612K) : Starting ptap derivations
2026-02-08 21:26:31 +0000: Memory Usage (446892K) : Starting ntap derivations
2026-02-08 21:26:31 +0000: Memory Usage (448300K) : Starting pact FET derivations
2026-02-08 21:26:31 +0000: Memory Usage (449068K) : Starting nact FET derivations
2026-02-08 21:26:31 +0000: Memory Usage (450220K) : Starting Gate derivations
2026-02-08 21:26:31 +0000: Memory Usage (451112K) : Starting cont/contbar general derivations
2026-02-08 21:26:31 +0000: Memory Usage (451112K) : Starting pad general derivations
2026-02-08 21:26:31 +0000: Memory Usage (451112K) : Starting IHP-SG13G2 DRC connectivity related derivations.
2026-02-08 21:26:31 +0000: Memory Usage (451112K) : Starting IHP-SG13G2 DRC connectivity setup
2026-02-08 21:26:31 +0000: Memory Usage (451496K) : Starting IHP-SG13G2 DRC rules.
2026-02-08 21:26:31 +0000: Memory Usage (451496K) : Running all FEOL rules
2026-02-08 21:26:31 +0000: Memory Usage (451496K) : Running all BEOL rules
2026-02-08 21:26:31 +0000: Memory Usage (451496K) : Running all PIN rules
2026-02-08 21:26:31 +0000: Memory Usage (451496K) : Running all FORBIDDEN rules
2026-02-08 21:26:31 +0000: Memory Usage (451496K) : Starting 5.1 NWell table
2026-02-08 21:26:31 +0000: Memory Usage (451496K) : Executing rule NW.b
2026-02-08 21:26:31 +0000: Memory Usage (453032K) : Executing rule NW.b1
2026-02-08 21:26:31 +0000: Memory Usage (453160K) : Starting 5.2 PWell:block
2026-02-08 21:26:31 +0000: Memory Usage (453160K) : Executing rule PWB.e
2026-02-08 21:26:31 +0000: Memory Usage (453160K) : Executing rule PWB.e1
2026-02-08 21:26:31 +0000: Memory Usage (453160K) : Executing rule PWB.f
2026-02-08 21:26:31 +0000: Memory Usage (453160K) : Executing rule PWB.f1
2026-02-08 21:26:31 +0000: Memory Usage (453160K) : Starting 5.3 nBuLay table
2026-02-08 21:26:31 +0000: Memory Usage (454184K) : Executing rule NBL.b
2026-02-08 21:26:31 +0000: Memory Usage (454184K) : Executing rule NBL.c
2026-02-08 21:26:31 +0000: Memory Usage (454312K) : Executing rule NBL.d
2026-02-08 21:26:31 +0000: Memory Usage (454568K) : Executing rule NBL.e
2026-02-08 21:26:31 +0000: Memory Usage (454696K) : Executing rule NBL.f
2026-02-08 21:26:31 +0000: Memory Usage (454824K) : Starting 5.5. Activ table
2026-02-08 21:26:31 +0000: Memory Usage (454824K) : Executing rule Act.a
2026-02-08 21:26:31 +0000: Memory Usage (454824K) : Executing rule Act.b
2026-02-08 21:26:31 +0000: Memory Usage (456100K) : Starting 5.6 Activ:filler table
2026-02-08 21:26:31 +0000: Memory Usage (456100K) : Executing rule AFil.c1
2026-02-08 21:26:31 +0000: Memory Usage (456100K) : Executing rule AFil.c
2026-02-08 21:26:31 +0000: Memory Usage (456100K) : Executing rule AFil.d
2026-02-08 21:26:31 +0000: Memory Usage (456100K) : Executing rule AFil.e
2026-02-08 21:26:31 +0000: Memory Usage (456100K) : Executing rule AFil.j
2026-02-08 21:26:31 +0000: Memory Usage (456100K) : Starting 5.7. ThickGateOx table
2026-02-08 21:26:31 +0000: Memory Usage (456100K) : Executing rule TGO.f
2026-02-08 21:26:31 +0000: Memory Usage (456100K) : Starting 5.8. GatPoly table
2026-02-08 21:26:31 +0000: Memory Usage (456100K) : Executing rule Gat.a
2026-02-08 21:26:32 +0000: Memory Usage (456100K) : Executing rule Gat.b
2026-02-08 21:26:32 +0000: Memory Usage (456612K) : Executing rule Gat.d
2026-02-08 21:26:32 +0000: Memory Usage (456612K) : Executing rule Gat.a1
2026-02-08 21:26:32 +0000: Memory Usage (457108K) : Executing rule Gat.a2
2026-02-08 21:26:32 +0000: Memory Usage (457748K) : Executing rule Gat.g
2026-02-08 21:26:32 +0000: Memory Usage (457872K) : Starting 5.9 GatPoly:filler
2026-02-08 21:26:32 +0000: Memory Usage (457872K) : Executing rule GFil.d
2026-02-08 21:26:32 +0000: Memory Usage (457872K) : Executing rule GFil.e
2026-02-08 21:26:32 +0000: Memory Usage (457872K) : Executing rule GFil.i
2026-02-08 21:26:32 +0000: Memory Usage (457872K) : Starting 5.10 pSD table
2026-02-08 21:26:32 +0000: Memory Usage (457872K) : Executing rule pSD.c1
2026-02-08 21:26:32 +0000: Memory Usage (459408K) : Starting 5.14. Cont table
2026-02-08 21:26:32 +0000: Memory Usage (459408K) : Executing rule Cnt.a
2026-02-08 21:26:32 +0000: Memory Usage (461200K) : Executing rule Cnt.b
2026-02-08 21:26:32 +0000: Memory Usage (461456K) : Executing rule Cnt.c
2026-02-08 21:26:32 +0000: Memory Usage (464016K) : Executing rule Cnt.c
2026-02-08 21:26:32 +0000: Memory Usage (464016K) : Executing rule Cnt.d
2026-02-08 21:26:32 +0000: Memory Usage (464272K) : Executing rule Cnt.e
2026-02-08 21:26:32 +0000: Memory Usage (464656K) : Executing rule Cnt.g1
2026-02-08 21:26:32 +0000: Memory Usage (465292K) : Executing rule Cnt.g2
2026-02-08 21:26:32 +0000: Memory Usage (466316K) : Starting 5.15. ContBar table
2026-02-08 21:26:32 +0000: Memory Usage (466316K) : Executing rule CntB.b1
2026-02-08 21:26:32 +0000: Memory Usage (466316K) : Executing rule CntB.h1
2026-02-08 21:26:32 +0000: Memory Usage (466316K) : Starting 6.1.3 NPN Substrate-Tie table
2026-02-08 21:26:32 +0000: Memory Usage (466316K) : Executing rule npn13G2.bR 
2026-02-08 21:26:32 +0000: Memory Usage (466316K) : Executing rule npn13G2L.cR 
2026-02-08 21:26:32 +0000: Memory Usage (466316K) : Executing rule npn13G2V.cR 
2026-02-08 21:26:32 +0000: Memory Usage (466316K) : Starting 6.7 Schottky diode table
2026-02-08 21:26:32 +0000: Memory Usage (466316K) : Executing rule Sdiod.d
2026-02-08 21:26:32 +0000: Memory Usage (466316K) : Executing rule Sdiod.e
2026-02-08 21:26:32 +0000: Memory Usage (466316K) : Starting 7.2 Latch-up table
2026-02-08 21:26:32 +0000: Memory Usage (466316K) : Executing rule LU.b
2026-02-08 21:26:33 +0000: Memory Usage (466956K) : Starting 5.16. Metal1 table
2026-02-08 21:26:33 +0000: Memory Usage (466956K) : Executing rule M1.a
2026-02-08 21:26:33 +0000: Memory Usage (466956K) : Executing rule M1.b
2026-02-08 21:26:33 +0000: Memory Usage (468748K) : Executing rule M1.e
2026-02-08 21:26:33 +0000: Memory Usage (469644K) : Executing rule M1.f
2026-02-08 21:26:33 +0000: Memory Usage (469644K) : Executing rule M1.g
2026-02-08 21:26:33 +0000: Memory Usage (471048K) : Executing rule M1.i
2026-02-08 21:26:33 +0000: Memory Usage (472968K) : Starting 5.17 Metaln table
2026-02-08 21:26:33 +0000: Memory Usage (472968K) : Executing rule M2.a
2026-02-08 21:26:33 +0000: Memory Usage (472968K) : Executing rule M2.b
2026-02-08 21:26:33 +0000: Memory Usage (473224K) : Executing rule M2.e
2026-02-08 21:26:33 +0000: Memory Usage (473480K) : Executing rule M2.f
2026-02-08 21:26:33 +0000: Memory Usage (473480K) : Executing rule M2.g
2026-02-08 21:26:33 +0000: Memory Usage (473088K) : Executing rule M2.i
2026-02-08 21:26:33 +0000: Memory Usage (473728K) : Executing rule M3.a
2026-02-08 21:26:33 +0000: Memory Usage (473728K) : Executing rule M3.b
2026-02-08 21:26:33 +0000: Memory Usage (473856K) : Executing rule M3.e
2026-02-08 21:26:33 +0000: Memory Usage (473728K) : Executing rule M3.f
2026-02-08 21:26:34 +0000: Memory Usage (473728K) : Executing rule M3.g
2026-02-08 21:26:34 +0000: Memory Usage (473724K) : Executing rule M3.i
2026-02-08 21:26:34 +0000: Memory Usage (473980K) : Executing rule M4.a
2026-02-08 21:26:34 +0000: Memory Usage (473980K) : Executing rule M4.b
2026-02-08 21:26:34 +0000: Memory Usage (474108K) : Executing rule M4.e
2026-02-08 21:26:34 +0000: Memory Usage (474108K) : Executing rule M4.f
2026-02-08 21:26:34 +0000: Memory Usage (474108K) : Executing rule M4.g
2026-02-08 21:26:34 +0000: Memory Usage (473980K) : Executing rule M4.i
2026-02-08 21:26:34 +0000: Memory Usage (473980K) : Executing rule M5.a
2026-02-08 21:26:34 +0000: Memory Usage (474108K) : Executing rule M5.b
2026-02-08 21:26:34 +0000: Memory Usage (474232K) : Executing rule M5.e
2026-02-08 21:26:34 +0000: Memory Usage (474616K) : Executing rule M5.f
2026-02-08 21:26:34 +0000: Memory Usage (474872K) : Executing rule M5.g
2026-02-08 21:26:34 +0000: Memory Usage (475384K) : Executing rule M5.i
2026-02-08 21:26:34 +0000: Memory Usage (475896K) : Starting 5.18 Metaln:filler table
2026-02-08 21:26:34 +0000: Memory Usage (475896K) : Executing rule M1Fil.c
2026-02-08 21:26:34 +0000: Memory Usage (476024K) : Executing rule M1Fil.a2
2026-02-08 21:26:34 +0000: Memory Usage (476152K) : Executing rule M2Fil.c
2026-02-08 21:26:34 +0000: Memory Usage (476280K) : Executing rule M2Fil.a2
2026-02-08 21:26:34 +0000: Memory Usage (476408K) : Executing rule M3Fil.c
2026-02-08 21:26:34 +0000: Memory Usage (476664K) : Executing rule M3Fil.a2
2026-02-08 21:26:34 +0000: Memory Usage (476792K) : Executing rule M4Fil.c
2026-02-08 21:26:34 +0000: Memory Usage (476920K) : Executing rule M4Fil.a2
2026-02-08 21:26:34 +0000: Memory Usage (477048K) : Executing rule M5Fil.c
2026-02-08 21:26:34 +0000: Memory Usage (477176K) : Executing rule M5Fil.a2
2026-02-08 21:26:34 +0000: Memory Usage (477432K) : Starting 5.19. Via1 table
2026-02-08 21:26:34 +0000: Memory Usage (477432K) : Starting 5.19. Via1 table derivations
2026-02-08 21:26:34 +0000: Memory Usage (477432K) : Executing rule V1.a
2026-02-08 21:26:34 +0000: Memory Usage (478584K) : Executing rule V1.b
2026-02-08 21:26:34 +0000: Memory Usage (478964K) : Executing rule V1.c
2026-02-08 21:26:34 +0000: Memory Usage (478960K) : Starting 5.20. Vian table
2026-02-08 21:26:34 +0000: Memory Usage (478960K) : Executing rule V2.a
2026-02-08 21:26:34 +0000: Memory Usage (479472K) : Executing rule V2.b
2026-02-08 21:26:34 +0000: Memory Usage (479600K) : Executing rule V2.c
2026-02-08 21:26:34 +0000: Memory Usage (479600K) : Executing rule V3.a
2026-02-08 21:26:34 +0000: Memory Usage (479600K) : Executing rule V3.b
2026-02-08 21:26:34 +0000: Memory Usage (479728K) : Executing rule V3.c
2026-02-08 21:26:34 +0000: Memory Usage (479984K) : Executing rule V4.a
2026-02-08 21:26:34 +0000: Memory Usage (479984K) : Executing rule V4.b
2026-02-08 21:26:34 +0000: Memory Usage (479852K) : Executing rule V4.c
2026-02-08 21:26:34 +0000: Memory Usage (479716K) : Starting 5.21. TopVia1 table
2026-02-08 21:26:34 +0000: Memory Usage (479716K) : Executing rule TV1.a
2026-02-08 21:26:34 +0000: Memory Usage (479716K) : Executing rule TV1.b
2026-02-08 21:26:34 +0000: Memory Usage (479716K) : Executing rule TV1.c
2026-02-08 21:26:34 +0000: Memory Usage (479972K) : Executing rule TV1.d
2026-02-08 21:26:34 +0000: Memory Usage (480228K) : Starting 5.22. TopMetal1 table
2026-02-08 21:26:34 +0000: Memory Usage (480228K) : Executing rule TM1.a
2026-02-08 21:26:34 +0000: Memory Usage (480228K) : Executing rule TM1.b
2026-02-08 21:26:34 +0000: Memory Usage (480356K) : Starting 5.23 TopMetal1:filler table
2026-02-08 21:26:34 +0000: Memory Usage (480356K) : Executing rule TM1Fil.c
2026-02-08 21:26:34 +0000: Memory Usage (480356K) : Executing rule TM1Fil.a1
2026-02-08 21:26:34 +0000: Memory Usage (480356K) : Starting 5.24. TopVia2 table
2026-02-08 21:26:34 +0000: Memory Usage (480356K) : Executing rule TV2.a
2026-02-08 21:26:34 +0000: Memory Usage (480356K) : Executing rule TV2.b
2026-02-08 21:26:34 +0000: Memory Usage (480224K) : Executing rule TV2.c
2026-02-08 21:26:34 +0000: Memory Usage (479832K) : Executing rule TV2.d
2026-02-08 21:26:34 +0000: Memory Usage (479696K) : Starting 5.25. TopMetal2 table
2026-02-08 21:26:34 +0000: Memory Usage (479696K) : Executing rule TM2.a
2026-02-08 21:26:34 +0000: Memory Usage (479696K) : Executing rule TM2.b
2026-02-08 21:26:34 +0000: Memory Usage (479824K) : Executing rule TM2.bR
2026-02-08 21:26:34 +0000: Memory Usage (479824K) : Starting 5.26 TopMetal2:filler table
2026-02-08 21:26:34 +0000: Memory Usage (479824K) : Executing rule TM2Fil.c
2026-02-08 21:26:34 +0000: Memory Usage (479824K) : Executing rule TM2Fil.a1
2026-02-08 21:26:34 +0000: Memory Usage (479824K) : Starting 5.27. Passiv table
2026-02-08 21:26:34 +0000: Memory Usage (479824K) : Executing rule Pas.a
2026-02-08 21:26:34 +0000: Memory Usage (479824K) : Executing rule Pas.b
2026-02-08 21:26:34 +0000: Memory Usage (479824K) : Executing rule Pas.c
2026-02-08 21:26:34 +0000: Memory Usage (479824K) : Starting 6.9.2 Copper Pillar table
2026-02-08 21:26:34 +0000: Memory Usage (479824K) : Executing rule Padc.a
2026-02-08 21:26:34 +0000: Memory Usage (479824K) : Executing rule Padc.b
2026-02-08 21:26:34 +0000: Memory Usage (479824K) : Executing rule Padc.c
2026-02-08 21:26:34 +0000: Memory Usage (479824K) : Executing rule Padb.f
2026-02-08 21:26:34 +0000: Memory Usage (479824K) : Starting 6.9.1 Solder Bump
2026-02-08 21:26:34 +0000: Memory Usage (479824K) : Executing rule Padb.a
2026-02-08 21:26:34 +0000: Memory Usage (479824K) : Executing rule Padb.b
2026-02-08 21:26:34 +0000: Memory Usage (479824K) : Executing rule Padb.c
2026-02-08 21:26:34 +0000: Memory Usage (479824K) : Executing rule Padb.f
2026-02-08 21:26:34 +0000: Memory Usage (479824K) : Executing rule Padb.d
2026-02-08 21:26:34 +0000: Memory Usage (479824K) : Starting 6.10 Sealring table
2026-02-08 21:26:34 +0000: Memory Usage (479824K) : Executing rule Seal.l
2026-02-08 21:26:34 +0000: Memory Usage (479824K) : Executing rule Seal.n
2026-02-08 21:26:34 +0000: Memory Usage (479824K) : Executing rule seal.b_metal1
2026-02-08 21:26:34 +0000: Memory Usage (479824K) : Executing rule seal.b_metal2
2026-02-08 21:26:34 +0000: Memory Usage (479824K) : Executing rule seal.b_metal3
2026-02-08 21:26:34 +0000: Memory Usage (479824K) : Executing rule seal.b_metal4
2026-02-08 21:26:34 +0000: Memory Usage (479824K) : Executing rule seal.b_metal5
2026-02-08 21:26:34 +0000: Memory Usage (479824K) : Executing rule seal.b_topmetal1
2026-02-08 21:26:34 +0000: Memory Usage (479824K) : Executing rule seal.b_topmetal2
2026-02-08 21:26:34 +0000: Memory Usage (479824K) : Executing rule seal.b_activ
2026-02-08 21:26:34 +0000: Memory Usage (479824K) : Executing rule seal.b_psd
2026-02-08 21:26:34 +0000: Memory Usage (479824K) : Executing rule Seal.k
2026-02-08 21:26:34 +0000: Memory Usage (479824K) : Executing rule Seal.m
2026-02-08 21:26:34 +0000: Memory Usage (479824K) : Starting 6.11 MIM table
2026-02-08 21:26:34 +0000: Memory Usage (479824K) : Executing rule MIM.c
2026-02-08 21:26:34 +0000: Memory Usage (479824K) : Executing rule MIM.d
2026-02-08 21:26:34 +0000: Memory Usage (479824K) : Executing rule MIM.gR
2026-02-08 21:26:34 +0000: Memory Usage (479824K) : Starting 7.3 Metal Slits table
2026-02-08 21:26:34 +0000: Memory Usage (479824K) : Executing rule Slt.e1_M1
2026-02-08 21:26:34 +0000: Memory Usage (479824K) : Executing rule Slt.e1_M2
2026-02-08 21:26:34 +0000: Memory Usage (479824K) : Executing rule Slt.e1_M3
2026-02-08 21:26:34 +0000: Memory Usage (479824K) : Executing rule Slt.e1_M4
2026-02-08 21:26:34 +0000: Memory Usage (479824K) : Executing rule Slt.e1_M5
2026-02-08 21:26:34 +0000: Memory Usage (479824K) : Executing rule Slt.e1_TM1
2026-02-08 21:26:34 +0000: Memory Usage (479952K) : Executing rule Slt.e1_TM2
2026-02-08 21:26:34 +0000: Memory Usage (479952K) : Starting 9.1. LBE table
2026-02-08 21:26:34 +0000: Memory Usage (479952K) : Executing rule LBE.a
2026-02-08 21:26:34 +0000: Memory Usage (479952K) : Executing rule LBE.b
2026-02-08 21:26:34 +0000: Memory Usage (479952K) : Executing rule LBE.b1
2026-02-08 21:26:34 +0000: Memory Usage (479952K) : Executing rule LBE.c
2026-02-08 21:26:34 +0000: Memory Usage (479952K) : Executing rule LBE.d
2026-02-08 21:26:34 +0000: Memory Usage (479952K) : Executing rule LBE.h
2026-02-08 21:26:34 +0000: Memory Usage (479952K) : Starting 7.4. PIN table
2026-02-08 21:26:34 +0000: Memory Usage (479952K) : Executing rule Pin.a
2026-02-08 21:26:34 +0000: Memory Usage (480080K) : Executing rule Pin.b
2026-02-08 21:26:34 +0000: Memory Usage (480080K) : Executing rule Pin.e
2026-02-08 21:26:34 +0000: Memory Usage (481616K) : Executing rule Pin.f_M2
2026-02-08 21:26:34 +0000: Memory Usage (481616K) : Executing rule Pin.f_M3
2026-02-08 21:26:34 +0000: Memory Usage (481744K) : Executing rule Pin.f_M4
2026-02-08 21:26:34 +0000: Memory Usage (481744K) : Executing rule Pin.f_M5
2026-02-08 21:26:34 +0000: Memory Usage (481744K) : Executing rule Pin.g
2026-02-08 21:26:34 +0000: Memory Usage (481744K) : Executing rule Pin.h
2026-02-08 21:26:34 +0000: Memory Usage (481744K) : Starting 3.2. FORBIDDEN table
2026-02-08 21:26:34 +0000: Memory Usage (481744K) : Executing rule forbidden.biwind
2026-02-08 21:26:34 +0000: Memory Usage (481744K) : Executing rule forbidden.pemwind
2026-02-08 21:26:34 +0000: Memory Usage (481744K) : Executing rule forbidden.baspoly
2026-02-08 21:26:34 +0000: Memory Usage (481744K) : Executing rule forbidden.deepco
2026-02-08 21:26:34 +0000: Memory Usage (481744K) : Executing rule forbidden.pempoly
2026-02-08 21:26:34 +0000: Memory Usage (481872K) : Executing rule forbidden.empoly
2026-02-08 21:26:34 +0000: Memory Usage (481872K) : Executing rule forbidden.ldmos
2026-02-08 21:26:34 +0000: Memory Usage (481872K) : Executing rule forbidden.pbiwind
2026-02-08 21:26:34 +0000: Memory Usage (482000K) : Executing rule forbidden.nodrc
2026-02-08 21:26:34 +0000: Memory Usage (482128K) : Executing rule forbidden.flash
2026-02-08 21:26:34 +0000: Memory Usage (482128K) : Executing rule forbidden.colwind
2026-02-08 21:26:34 +0000: Memory Usage (482256K) : KLayout DRC run for tables 'main' completed in 3.55 seconds
