Reading timing models for corner nom_typ_1p20V_25C…
Reading timing library for the 'nom_typ_1p20V_25C' corner at '/opt/pdks/ciel/ihp-sg13g2/versions/c4b8b4e5e7a05f375cca3815d51b3a37721fbf5c/ihp-sg13g2/libs.ref/sg13g2_stdcell/lib/sg13g2_stdcell_typ_1p20V_25C.lib'…
Reading timing library for the 'nom_typ_1p20V_25C' corner at '/opt/pdks/ciel/ihp-sg13g2/versions/c4b8b4e5e7a05f375cca3815d51b3a37721fbf5c/ihp-sg13g2/libs.ref/sg13g2_io/lib/sg13g2_io_typ_1p2V_3p3V_25C.lib'…
Reading OpenROAD database at '/home/designer/shared/hdl_projects/capa_clasificacion/libreline/classifier_top/runs/RUN_2026-02-08_21-25-15/48-odb-reportdisconnectedpins/classifier_top.odb'…
Reading design constraints file at '/nix/store/8h87vsa3wlidvqi062p0312chxkh8ihd-python3.13-librelane-3.0.0.dev47/lib/python3.13/site-packages/librelane/scripts/base.sdc'…
[INFO] Using clock clk…
[INFO] Setting output delay to: 2
[INFO] Setting input delay to: 2
[INFO] Setting load to: 0.006
[INFO] Setting clock uncertainty to: 0.25
[INFO] Setting clock transition to: 0.15
[INFO] Setting timing derate to: 5%
sg13g2_decap_* sg13g2_fill_1 sg13g2_fill_2
[INFO DPL-0001] Placed 642 filler instances.
Setting global connections for newly added cells…
[INFO] Setting global connections...
[INFO ODB-0403] 1284 connections made, 0 conflicts skipped.
Updating metrics…
Cell type report:                       Count       Area
  Fill cell                               642    4701.11
  Clock buffer                              9     408.24
  Timing Repair Buffer                    156    1712.79
  Inverter                                 36     195.96
  Clock inverter                            5      27.22
  Sequential cell                          43    2106.52
  Multi-Input combinational cell          458    4741.03
  Total                                  1349   13892.86
Writing OpenROAD database to '/home/designer/shared/hdl_projects/capa_clasificacion/libreline/classifier_top/runs/RUN_2026-02-08_21-25-15/52-openroad-fillinsertion/classifier_top.odb'…
Writing netlist to '/home/designer/shared/hdl_projects/capa_clasificacion/libreline/classifier_top/runs/RUN_2026-02-08_21-25-15/52-openroad-fillinsertion/classifier_top.nl.v'…
Writing powered netlist to '/home/designer/shared/hdl_projects/capa_clasificacion/libreline/classifier_top/runs/RUN_2026-02-08_21-25-15/52-openroad-fillinsertion/classifier_top.pnl.v'…
Writing layout to '/home/designer/shared/hdl_projects/capa_clasificacion/libreline/classifier_top/runs/RUN_2026-02-08_21-25-15/52-openroad-fillinsertion/classifier_top.def'…
Writing timing constraints to '/home/designer/shared/hdl_projects/capa_clasificacion/libreline/classifier_top/runs/RUN_2026-02-08_21-25-15/52-openroad-fillinsertion/classifier_top.sdc'…
