Reading timing models for corner nom_typ_1p20V_25C…
Reading timing library for the 'nom_typ_1p20V_25C' corner at '/opt/pdks/ciel/ihp-sg13g2/versions/c4b8b4e5e7a05f375cca3815d51b3a37721fbf5c/ihp-sg13g2/libs.ref/sg13g2_stdcell/lib/sg13g2_stdcell_typ_1p20V_25C.lib'…
Reading timing library for the 'nom_typ_1p20V_25C' corner at '/opt/pdks/ciel/ihp-sg13g2/versions/c4b8b4e5e7a05f375cca3815d51b3a37721fbf5c/ihp-sg13g2/libs.ref/sg13g2_io/lib/sg13g2_io_typ_1p2V_3p3V_25C.lib'…
Reading technology LEF file at '/opt/pdks/ciel/ihp-sg13g2/versions/c4b8b4e5e7a05f375cca3815d51b3a37721fbf5c/ihp-sg13g2/libs.ref/sg13g2_stdcell/lef/sg13g2_tech.lef'…
[INFO ODB-0227] LEF file: /opt/pdks/ciel/ihp-sg13g2/versions/c4b8b4e5e7a05f375cca3815d51b3a37721fbf5c/ihp-sg13g2/libs.ref/sg13g2_stdcell/lef/sg13g2_tech.lef, created 19 layers, 70 vias
Reading cell LEF file at '/opt/pdks/ciel/ihp-sg13g2/versions/c4b8b4e5e7a05f375cca3815d51b3a37721fbf5c/ihp-sg13g2/libs.ref/sg13g2_stdcell/lef/sg13g2_stdcell.lef'…
[INFO ODB-0227] LEF file: /opt/pdks/ciel/ihp-sg13g2/versions/c4b8b4e5e7a05f375cca3815d51b3a37721fbf5c/ihp-sg13g2/libs.ref/sg13g2_stdcell/lef/sg13g2_stdcell.lef, created 84 library cells
Reading gpio pad LEF file at '/opt/pdks/ciel/ihp-sg13g2/versions/c4b8b4e5e7a05f375cca3815d51b3a37721fbf5c/ihp-sg13g2/libs.ref/sg13g2_io/lef/sg13g2_io.lef'…
[INFO ODB-0227] LEF file: /opt/pdks/ciel/ihp-sg13g2/versions/c4b8b4e5e7a05f375cca3815d51b3a37721fbf5c/ihp-sg13g2/libs.ref/sg13g2_io/lef/sg13g2_io.lef, created 22 library cells
Reading top-level netlist at '/home/designer/shared/hdl_projects/capa_clasificacion/libreline/classifier_top/runs/RUN_2026-02-08_21-25-15/06-yosys-synthesis/classifier_top.nl.v'…
Linking design 'classifier_top' from netlist…
Reading design constraints file at '/nix/store/8h87vsa3wlidvqi062p0312chxkh8ihd-python3.13-librelane-3.0.0.dev47/lib/python3.13/site-packages/librelane/scripts/base.sdc'…
[INFO] Using clock clk…
[INFO] Setting output delay to: 2
[INFO] Setting input delay to: 2
[INFO] Setting load to: 0.006
[INFO] Setting clock uncertainty to: 0.25
[INFO] Setting clock transition to: 0.15
[INFO] Setting timing derate to: 5%
Using site height: 3.78 and site width: 0.48…
[INFO] Using relative sizing for the floorplan.
+ initialize_floorplan -site CoreSite -utilization 50 -aspect_ratio 1 -core_space 15.12 15.12 5.76 5.76
[INFO IFP-0001] Added 31 rows of 247 site CoreSite.
[INFO IFP-0030] Inserted 0 tiecells using sg13g2_tielo/L_LO.
[INFO IFP-0030] Inserted 0 tiecells using sg13g2_tiehi/L_HI.
[INFO] Extracting DIE_AREA and CORE_AREA from the floorplan
[INFO] Floorplanned on a die area of 0.0 0.0 130.21 148.93 (µm).
[INFO] Floorplanned on a core area of 5.76 15.12 124.32 132.3 (µm).
Writing metric design__die__bbox: 0.0 0.0 130.21 148.93
Writing metric design__core__bbox: 5.76 15.12 124.32 132.3
Setting global connections for newly added cells…
[INFO] Setting global connections...
[INFO ODB-0403] 0 connections made, 0 conflicts skipped.
Updating metrics…
Cell type report:                       Count       Area
  Inverter                                 36     195.96
  Sequential cell                          43    2106.52
  Multi-Input combinational cell          458    4741.03
  Total                                   537    7043.50
Writing OpenROAD database to '/home/designer/shared/hdl_projects/capa_clasificacion/libreline/classifier_top/runs/RUN_2026-02-08_21-25-15/13-openroad-floorplan/classifier_top.odb'…
Writing netlist to '/home/designer/shared/hdl_projects/capa_clasificacion/libreline/classifier_top/runs/RUN_2026-02-08_21-25-15/13-openroad-floorplan/classifier_top.nl.v'…
Writing powered netlist to '/home/designer/shared/hdl_projects/capa_clasificacion/libreline/classifier_top/runs/RUN_2026-02-08_21-25-15/13-openroad-floorplan/classifier_top.pnl.v'…
Writing layout to '/home/designer/shared/hdl_projects/capa_clasificacion/libreline/classifier_top/runs/RUN_2026-02-08_21-25-15/13-openroad-floorplan/classifier_top.def'…
Writing timing constraints to '/home/designer/shared/hdl_projects/capa_clasificacion/libreline/classifier_top/runs/RUN_2026-02-08_21-25-15/13-openroad-floorplan/classifier_top.sdc'…
