Clock: clk
Sources: clk 
Generated: no
Virtual: yes
Propagated: no
Period: 10.000000

===========================================================================
report_clock_properties
============================================================================
Clock                   Period          Waveform
----------------------------------------------------
clk                  10.000000    0.000000  5.000000

===========================================================================
report_clock_latency
============================================================================
Clock clk
rise -> rise
    min     max
0.000000 0.000000 source latency
0.197830         network latency _1020_/CLK
        0.200386 network latency _1024_/CLK
---------------
0.197830 0.200386 latency
        0.002556 skew

fall -> fall
    min     max
0.000000 0.000000 source latency
0.195259         network latency _1020_/CLK
        0.197794 network latency _1024_/CLK
---------------
0.195259 0.197794 latency
        0.002535 skew



===========================================================================
report_clock_min_period
============================================================================
clk period_min = 2.66 fmax = 375.74
