
Magic 8.3 revision 581 - Compiled on Tue Jan  6 19:09:29 UTC 2026.
Starting magic under Tcl interpreter
Using the terminal as the console.
WARNING: RLIMIT_NOFILE is above 1024 and Tcl_Version<9 this may cause runtime issues [rlim_cur=1048576]
Using NULL graphics device.
Processing system .magicrc file
Switching to WIRING tool.
Switching to NETLIST tool.
Switching to PICK tool.
Switching to BOX tool.
Sourcing design .magicrc for technology ihp-sg13g2 ...
2 Magic internal units = 1 Lambda
Input style sg13g2(): scaleFactor=2, multiplier=2
The following types are not handled by extraction and will be treated as non-electrical types:
    pblock sealcont difffill nemitter hvnemitter hvisodiffres sealvia1 sealvia2 sealvia3 sealvia4 sealvia5 sealvia6 pillar solder seal glass thruvia inductor 
Scaled tech values by 2 / 1 to match internal grid scaling
Loading ihp-sg13g2 Device Generator Menu ...
Loading "/nix/store/8h87vsa3wlidvqi062p0312chxkh8ihd-python3.13-librelane-3.0.0.dev47/lib/python3.13/site-packages/librelane/scripts/magic/wrapper.tcl" from command line.
> lef read /opt/pdks/ciel/ihp-sg13g2/versions/c4b8b4e5e7a05f375cca3815d51b3a37721fbf5c/ihp-sg13g2/libs.ref/sg13g2_stdcell/lef/sg13g2_tech.lef
Reading LEF data from file /opt/pdks/ciel/ihp-sg13g2/versions/c4b8b4e5e7a05f375cca3815d51b3a37721fbf5c/ihp-sg13g2/libs.ref/sg13g2_stdcell/lef/sg13g2_tech.lef.
This action cannot be undone.
LEF read, Line 79 (Message): Unknown keyword "MAXIMUMDENSITY" in LEF file; ignoring.
LEF read, Line 80 (Message): Unknown keyword "DENSITYCHECKSTEP" in LEF file; ignoring.
LEF read, Line 81 (Message): Unknown keyword "DENSITYCHECKWINDOW" in LEF file; ignoring.
LEF read, Line 87 (Message): Unknown keyword "MINIMUMCUT" in LEF file; ignoring.
LEF read, Line 91 (Message): Unknown keyword "ANTENNACUMAREARATIO" in LEF file; ignoring.
LEF read, Line 92 (Message): Unknown keyword "ANTENNACUMDIFFAREARATIO" in LEF file; ignoring.
LEF read, Line 121 (Message): Unknown keyword "MAXIMUMDENSITY" in LEF file; ignoring.
LEF read, Line 122 (Message): Unknown keyword "DENSITYCHECKSTEP" in LEF file; ignoring.
LEF read, Line 123 (Message): Unknown keyword "DENSITYCHECKWINDOW" in LEF file; ignoring.
LEF read, Line 129 (Message): Unknown keyword "MINIMUMCUT" in LEF file; ignoring.
LEF read, Line 134 (Message): Unknown keyword "ANTENNACUMAREARATIO" in LEF file; ignoring.
LEF read, Line 135 (Message): Unknown keyword "ANTENNACUMDIFFAREARATIO" in LEF file; ignoring.
LEF read, Line 163 (Message): Unknown keyword "MAXIMUMDENSITY" in LEF file; ignoring.
LEF read, Line 164 (Message): Unknown keyword "DENSITYCHECKSTEP" in LEF file; ignoring.
LEF read, Line 165 (Message): Unknown keyword "DENSITYCHECKWINDOW" in LEF file; ignoring.
LEF read, Line 171 (Message): Unknown keyword "MINIMUMCUT" in LEF file; ignoring.
LEF read, Line 176 (Message): Unknown keyword "ANTENNACUMAREARATIO" in LEF file; ignoring.
LEF read, Line 177 (Message): Unknown keyword "ANTENNACUMDIFFAREARATIO" in LEF file; ignoring.
LEF read, Line 205 (Message): Unknown keyword "MAXIMUMDENSITY" in LEF file; ignoring.
LEF read, Line 206 (Message): Unknown keyword "DENSITYCHECKSTEP" in LEF file; ignoring.
LEF read, Line 207 (Message): Unknown keyword "DENSITYCHECKWINDOW" in LEF file; ignoring.
LEF read, Line 213 (Message): Unknown keyword "MINIMUMCUT" in LEF file; ignoring.
LEF read, Line 218 (Message): Unknown keyword "ANTENNACUMAREARATIO" in LEF file; ignoring.
LEF read, Line 219 (Message): Unknown keyword "ANTENNACUMDIFFAREARATIO" in LEF file; ignoring.
LEF read, Line 246 (Message): Unknown keyword "MAXIMUMDENSITY" in LEF file; ignoring.
LEF read, Line 247 (Message): Unknown keyword "DENSITYCHECKSTEP" in LEF file; ignoring.
LEF read, Line 248 (Message): Unknown keyword "DENSITYCHECKWINDOW" in LEF file; ignoring.
LEF read, Line 254 (Message): Unknown keyword "MINIMUMCUT" in LEF file; ignoring.
LEF read, Line 259 (Message): Unknown keyword "ANTENNACUMAREARATIO" in LEF file; ignoring.
LEF read, Line 260 (Message): Unknown keyword "ANTENNACUMDIFFAREARATIO" in LEF file; ignoring.
LEF read, Line 286 (Message): Unknown keyword "MAXIMUMDENSITY" in LEF file; ignoring.
LEF read, Line 287 (Message): Unknown keyword "DENSITYCHECKSTEP" in LEF file; ignoring.
LEF read, Line 288 (Message): Unknown keyword "DENSITYCHECKWINDOW" in LEF file; ignoring.
LEF read, Line 293 (Message): Unknown keyword "ANTENNACUMAREARATIO" in LEF file; ignoring.
LEF read, Line 294 (Message): Unknown keyword "ANTENNACUMDIFFAREARATIO" in LEF file; ignoring.
LEF read, Line 320 (Message): Unknown keyword "MAXIMUMDENSITY" in LEF file; ignoring.
LEF read, Line 321 (Message): Unknown keyword "DENSITYCHECKSTEP" in LEF file; ignoring.
LEF read, Line 322 (Message): Unknown keyword "DENSITYCHECKWINDOW" in LEF file; ignoring.
LEF read, Line 327 (Message): Unknown keyword "ANTENNACUMAREARATIO" in LEF file; ignoring.
LEF read, Line 328 (Message): Unknown keyword "ANTENNACUMDIFFAREARATIO" in LEF file; ignoring.
LEF read: Processed 1197 lines.
> lef read /opt/pdks/ciel/ihp-sg13g2/versions/c4b8b4e5e7a05f375cca3815d51b3a37721fbf5c/ihp-sg13g2/libs.ref/sg13g2_stdcell/lef/sg13g2_stdcell.lef
Reading LEF data from file /opt/pdks/ciel/ihp-sg13g2/versions/c4b8b4e5e7a05f375cca3815d51b3a37721fbf5c/ihp-sg13g2/libs.ref/sg13g2_stdcell/lef/sg13g2_stdcell.lef.
This action cannot be undone.
LEF read, Line 6473 (Message): Unknown keyword "ANTENNAMAXCUTCAR" in LEF file; ignoring.
LEF read: Processed 7927 lines.
> lef read /opt/pdks/ciel/ihp-sg13g2/versions/c4b8b4e5e7a05f375cca3815d51b3a37721fbf5c/ihp-sg13g2/libs.ref/sg13g2_io/lef/sg13g2_io.lef
Reading LEF data from file /opt/pdks/ciel/ihp-sg13g2/versions/c4b8b4e5e7a05f375cca3815d51b3a37721fbf5c/ihp-sg13g2/libs.ref/sg13g2_io/lef/sg13g2_io.lef.
This action cannot be undone.
LEF read: Processed 4552 lines.
> def read /home/designer/shared/hdl_projects/capa_clasificacion/libreline/classifier_top/runs/RUN_2026-02-08_21-25-15/53-odb-cellfrequencytables/classifier_top.def -noblockage -labels
Reading DEF data from file /home/designer/shared/hdl_projects/capa_clasificacion/libreline/classifier_top/runs/RUN_2026-02-08_21-25-15/53-odb-cellfrequencytables/classifier_top.def.
This action cannot be undone.
  Processed 6 vias total.
  Processed 1 non-default rules total.
  Processed 1349 subcell instances total.
  Processed 64 pins total.
  Processed 2 special nets total.
  Processed 721 nets total.
DEF read: Processed 11660 lines.
Moving label "_0167_" from metal2 to via1 in cell classifier_top.
Moving label "_0222_" from metal3 to via2 in cell classifier_top.
Moving label "_0237_" from metal3 to via2 in cell classifier_top.
Moving label "_0366_" from metal2 to via2 in cell classifier_top.
Moving label "_0368_" from metal2 to via2 in cell classifier_top.
Moving label "_0431_" from metal3 to via2 in cell classifier_top.
Moving label "_0464_" from metal2 to via1 in cell classifier_top.
Moving label "max_score[3]" from metal2 to via2 in cell classifier_top.
Moving label "net46" from metal3 to via2 in cell classifier_top.
Moving label "net65" from metal2 to via1 in cell classifier_top.
Moving label "net73" from metal2 to via1 in cell classifier_top.
Moving label "net77" from metal2 to via2 in cell classifier_top.
Moving label "net78" from metal2 to via2 in cell classifier_top.
Processing classifier_top
Extracting sg13g2_buf_1 into sg13g2_buf_1.ext:
Extracting sg13g2_dlygate4sd3_1 into sg13g2_dlygate4sd3_1.ext:
Extracting sg13g2_inv_1 into sg13g2_inv_1.ext:
Extracting sg13g2_buf_16 into sg13g2_buf_16.ext:
Extracting sg13g2_dfrbpq_1 into sg13g2_dfrbpq_1.ext:
Extracting sg13g2_a21oi_1 into sg13g2_a21oi_1.ext:
Extracting sg13g2_nor2_1 into sg13g2_nor2_1.ext:
Extracting sg13g2_o21ai_1 into sg13g2_o21ai_1.ext:
Extracting sg13g2_nand2_1 into sg13g2_nand2_1.ext:
Extracting sg13g2_mux2_1 into sg13g2_mux2_1.ext:
Extracting sg13g2_nor2b_1 into sg13g2_nor2b_1.ext:
Extracting sg13g2_a221oi_1 into sg13g2_a221oi_1.ext:
Extracting sg13g2_a22oi_1 into sg13g2_a22oi_1.ext:
Extracting sg13g2_nand3_1 into sg13g2_nand3_1.ext:
Extracting sg13g2_a21o_1 into sg13g2_a21o_1.ext:
Extracting sg13g2_or3_1 into sg13g2_or3_1.ext:
Extracting sg13g2_nor3_1 into sg13g2_nor3_1.ext:
Extracting sg13g2_xor2_1 into sg13g2_xor2_1.ext:
Extracting sg13g2_nand2b_1 into sg13g2_nand2b_1.ext:
Extracting sg13g2_nand4_1 into sg13g2_nand4_1.ext:
Extracting sg13g2_nor4_1 into sg13g2_nor4_1.ext:
Extracting sg13g2_and2_1 into sg13g2_and2_1.ext:
Extracting sg13g2_xnor2_1 into sg13g2_xnor2_1.ext:
Extracting sg13g2_or2_1 into sg13g2_or2_1.ext:
Extracting sg13g2_and3_1 into sg13g2_and3_1.ext:
Extracting sg13g2_and4_1 into sg13g2_and4_1.ext:
Extracting sg13g2_nand3b_1 into sg13g2_nand3b_1.ext:
Extracting sg13g2_decap_8 into sg13g2_decap_8.ext:
Extracting sg13g2_fill_1 into sg13g2_fill_1.ext:
Extracting sg13g2_fill_2 into sg13g2_fill_2.ext:
Extracting sg13g2_decap_4 into sg13g2_decap_4.ext:
Extracting classifier_top into classifier_top.ext:
exttospice finished.
