113. Printing statistics.

=== classifier_top ===

        +----------Local Count, excluding submodules.
        |        +-Local Area, excluding submodules.
        |        | 
      604        - wires
      656        - wire bits
       11        - public wires
       63        - public wire bits
       10        - ports
       62        - port bits
      637 2.11E+03 cells
      213        -   $_ANDNOT_
       18        -   $_AND_
       44        -   $_MUX_
       17        -   $_NAND_
       10        -   $_NOR_
       37        -   $_NOT_
       36        -   $_ORNOT_
       61        -   $_OR_
       22        -   $_XNOR_
      136        -   $_XOR_
       43 2.11E+03   sg13g2_dfrbpq_1

   Area for cell type $_ANDNOT_ is unknown!
   Area for cell type $_AND_ is unknown!
   Area for cell type $_MUX_ is unknown!
   Area for cell type $_NAND_ is unknown!
   Area for cell type $_NOR_ is unknown!
   Area for cell type $_NOT_ is unknown!
   Area for cell type $_ORNOT_ is unknown!
   Area for cell type $_OR_ is unknown!
   Area for cell type $_XNOR_ is unknown!
   Area for cell type $_XOR_ is unknown!

   Chip area for module '\classifier_top': 2106.518400
     of which used for sequential elements: 2106.518400 (100.00%)

