121. Printing statistics.

=== classifier_top ===

        +----------Local Count, excluding submodules.
        |        +-Local Area, excluding submodules.
        |        | 
      504        - wires
      556        - wire bits
       10        - public wires
       62        - public wire bits
       10        - ports
       62        - port bits
      537 7.04E+03 cells
       17  215.914   sg13g2_a21o_1
       32  290.304   sg13g2_a21oi_1
        4   58.061   sg13g2_a221oi_1
       16  173.578   sg13g2_a22oi_1
        9   81.648   sg13g2_and2_1
        3   38.102   sg13g2_and3_1
        1   14.515   sg13g2_and4_1
       43 2.11E+03   sg13g2_dfrbpq_1
       36  195.955   sg13g2_inv_1
        8  145.152   sg13g2_mux2_1
       79   573.35   sg13g2_nand2_1
       26  235.872   sg13g2_nand2b_1
       15   136.08   sg13g2_nand3_1
        1   12.701   sg13g2_nand3b_1
        4   43.546   sg13g2_nand4_1
       27  195.955   sg13g2_nor2_1
       30   272.16   sg13g2_nor2b_1
       12  108.864   sg13g2_nor3_1
        2   21.773   sg13g2_nor4_1
       62  562.464   sg13g2_o21ai_1
        6   54.432   sg13g2_or2_1
        2   25.402   sg13g2_or3_1
       62  899.942   sg13g2_xnor2_1
       40  580.608   sg13g2_xor2_1

   Chip area for module '\classifier_top': 7042.896000
     of which used for sequential elements: 2106.518400 (29.91%)

