[WARNING ORD-0039] .openroad ignored with -python
                                Cells by Master                                 
┏━━━━━━━━━━━━━━━━━━━━━━━━━━━━━━━━━━━━━━━━━━━━━━━━━━━━━━━━━━━┳━━━━━━━━━━━━━━━━━━┓
┃ Cell                                                      ┃ Count            ┃
┡━━━━━━━━━━━━━━━━━━━━━━━━━━━━━━━━━━━━━━━━━━━━━━━━━━━━━━━━━━━╇━━━━━━━━━━━━━━━━━━┩
│ sg13g2_a21o_1                                             │ 17               │
│ sg13g2_a21oi_1                                            │ 32               │
│ sg13g2_a221oi_1                                           │ 4                │
│ sg13g2_a22oi_1                                            │ 16               │
│ sg13g2_and2_1                                             │ 9                │
│ sg13g2_and3_1                                             │ 3                │
│ sg13g2_and4_1                                             │ 1                │
│ sg13g2_buf_1                                              │ 92               │
│ sg13g2_buf_16                                             │ 9                │
│ sg13g2_decap_4                                            │ 104              │
│ sg13g2_decap_8                                            │ 249              │
│ sg13g2_dfrbpq_1                                           │ 43               │
│ sg13g2_dlygate4sd3_1                                      │ 64               │
│ sg13g2_fill_1                                             │ 146              │
│ sg13g2_fill_2                                             │ 143              │
│ sg13g2_inv_1                                              │ 41               │
│ sg13g2_mux2_1                                             │ 8                │
│ sg13g2_nand2_1                                            │ 79               │
│ sg13g2_nand2b_1                                           │ 26               │
│ sg13g2_nand3_1                                            │ 15               │
│ sg13g2_nand3b_1                                           │ 1                │
│ sg13g2_nand4_1                                            │ 4                │
│ sg13g2_nor2_1                                             │ 27               │
│ sg13g2_nor2b_1                                            │ 30               │
│ sg13g2_nor3_1                                             │ 12               │
│ sg13g2_nor4_1                                             │ 2                │
│ sg13g2_o21ai_1                                            │ 62               │
│ sg13g2_or2_1                                              │ 6                │
│ sg13g2_or3_1                                              │ 2                │
│ sg13g2_xnor2_1                                            │ 62               │
│ sg13g2_xor2_1                                             │ 40               │
└───────────────────────────────────────────────────────────┴──────────────────┘
                               Cells by Function                                
┏━━━━━━━━━━━━━━━━━━━━━━━━━━━━━━━━━━━━━━━━━━━━━━━━━━━━━┳━━━━━━━━━━━━━━━━━━━━━━━━┓
┃ Cell Function                                       ┃ Count                  ┃
┡━━━━━━━━━━━━━━━━━━━━━━━━━━━━━━━━━━━━━━━━━━━━━━━━━━━━━╇━━━━━━━━━━━━━━━━━━━━━━━━┩
└─────────────────────────────────────────────────────┴────────────────────────┘
                                  Cells by SCL                                  
┏━━━━━━━━━━━━━━━━━━━━━━━━━━━━━━━━━┳━━━━━━━━━━━━━━━━━━━━━━━━━━━━━━━━━━━━━━━━━━━━┓
┃ SCL                             ┃ Count                                      ┃
┡━━━━━━━━━━━━━━━━━━━━━━━━━━━━━━━━━╇━━━━━━━━━━━━━━━━━━━━━━━━━━━━━━━━━━━━━━━━━━━━┩
└─────────────────────────────────┴────────────────────────────────────────────┘
                             Buffers by Cell Master                             
┏━━━━━━━━━━━━━━━━━━━━━━━━━━━━━━━━━━━━━━━━━━━━━━━━━━━━━━━━━━━┳━━━━━━━━━━━━━━━━━━┓
┃ Buffer                                                    ┃ Count            ┃
┡━━━━━━━━━━━━━━━━━━━━━━━━━━━━━━━━━━━━━━━━━━━━━━━━━━━━━━━━━━━╇━━━━━━━━━━━━━━━━━━┩
│ sg13g2_buf_1                                              │ 92               │
│ sg13g2_buf_16                                             │ 9                │
│ sg13g2_dlygate4sd3_1                                      │ 64               │
└───────────────────────────────────────────────────────────┴──────────────────┘
