Using 16 threads…
Using a tile size of (500 µm)²…
Reading /home/designer/shared/hdl_projects/capa_clasificacion/libreline/classifier_top/runs/RUN_2026-02-08_21-25-15/57-magic-streamout/classifier_top.magic.gds ..
Reading /home/designer/shared/hdl_projects/capa_clasificacion/libreline/classifier_top/runs/RUN_2026-02-08_21-25-15/58-klayout-streamout/classifier_top.klayout.gds ..
--- Running XOR for layer 1/0 ---
"input" in: xor.drc:109
    Polygons (raw): 5749 (flat)  138 (hierarchical)
    Elapsed: 0.000s  Memory: 415.00M
"input" in: xor.drc:109
    Polygons (raw): 5749 (flat)  138 (hierarchical)
    Elapsed: 0.000s  Memory: 415.00M
"^" in: xor.drc:109
    Polygons (raw): 0 (flat)  0 (hierarchical)
    Elapsed: 0.030s  Memory: 420.00M
XOR differences: 0
"output" in: xor.drc:86
    Polygons (raw): 0 (flat)  0 (hierarchical)
    Elapsed: 0.000s  Memory: 420.00M
--- Running XOR for layer 10/0 ---
"input" in: xor.drc:109
    Polygons (raw): 5811 (flat)  5811 (hierarchical)
    Elapsed: 0.000s  Memory: 420.00M
"input" in: xor.drc:109
    Polygons (raw): 7579 (flat)  3500 (hierarchical)
    Elapsed: 0.000s  Memory: 420.00M
"^" in: xor.drc:109
    Polygons (raw): 0 (flat)  0 (hierarchical)
    Elapsed: 0.040s  Memory: 424.00M
XOR differences: 0
"output" in: xor.drc:86
    Polygons (raw): 0 (flat)  0 (hierarchical)
    Elapsed: 0.000s  Memory: 424.00M
--- Running XOR for layer 10/2 ---
"input" in: xor.drc:109
    Polygons (raw): 21 (flat)  21 (hierarchical)
    Elapsed: 0.000s  Memory: 424.00M
"input" in: xor.drc:109
    Polygons (raw): 21 (flat)  21 (hierarchical)
    Elapsed: 0.000s  Memory: 424.00M
"^" in: xor.drc:109
    Polygons (raw): 0 (flat)  0 (hierarchical)
    Elapsed: 0.020s  Memory: 424.00M
XOR differences: 0
"output" in: xor.drc:86
    Polygons (raw): 0 (flat)  0 (hierarchical)
    Elapsed: 0.000s  Memory: 424.00M
--- Running XOR for layer 10/25 ---
"input" in: xor.drc:109
    Polygons (raw): 0 (flat)  0 (hierarchical)
    Elapsed: 0.000s  Memory: 425.00M
"input" in: xor.drc:109
    Polygons (raw): 0 (flat)  0 (hierarchical)
    Elapsed: 0.000s  Memory: 425.00M
"^" in: xor.drc:109
    Polygons (raw): 0 (flat)  0 (hierarchical)
    Elapsed: 0.000s  Memory: 425.00M
XOR differences: 0
"output" in: xor.drc:86
    Polygons (raw): 0 (flat)  0 (hierarchical)
    Elapsed: 0.000s  Memory: 425.00M
--- Running XOR for layer 125/0 ---
"input" in: xor.drc:109
    Polygons (raw): 128 (flat)  128 (hierarchical)
    Elapsed: 0.000s  Memory: 425.00M
"input" in: xor.drc:109
    Polygons (raw): 128 (flat)  2 (hierarchical)
    Elapsed: 0.000s  Memory: 425.00M
"^" in: xor.drc:109
    Polygons (raw): 0 (flat)  0 (hierarchical)
    Elapsed: 0.000s  Memory: 425.00M
XOR differences: 0
"output" in: xor.drc:86
    Polygons (raw): 0 (flat)  0 (hierarchical)
    Elapsed: 0.000s  Memory: 425.00M
--- Running XOR for layer 126/0 ---
"input" in: xor.drc:109
    Polygons (raw): 4 (flat)  4 (hierarchical)
    Elapsed: 0.000s  Memory: 425.00M
"input" in: xor.drc:109
    Polygons (raw): 80 (flat)  10 (hierarchical)
    Elapsed: 0.000s  Memory: 426.00M
"^" in: xor.drc:109
    Polygons (raw): 0 (flat)  0 (hierarchical)
    Elapsed: 0.010s  Memory: 426.00M
XOR differences: 0
"output" in: xor.drc:86
    Polygons (raw): 0 (flat)  0 (hierarchical)
    Elapsed: 0.000s  Memory: 426.00M
--- Running XOR for layer 126/2 ---
"input" in: xor.drc:109
    Polygons (raw): 4 (flat)  4 (hierarchical)
    Elapsed: 0.000s  Memory: 426.00M
"input" in: xor.drc:109
    Polygons (raw): 4 (flat)  4 (hierarchical)
    Elapsed: 0.000s  Memory: 426.00M
"^" in: xor.drc:109
    Polygons (raw): 0 (flat)  0 (hierarchical)
    Elapsed: 0.000s  Memory: 426.00M
XOR differences: 0
"output" in: xor.drc:86
    Polygons (raw): 0 (flat)  0 (hierarchical)
    Elapsed: 0.000s  Memory: 426.00M
--- Running XOR for layer 126/25 ---
"input" in: xor.drc:109
    Polygons (raw): 0 (flat)  0 (hierarchical)
    Elapsed: 0.000s  Memory: 426.00M
"input" in: xor.drc:109
    Polygons (raw): 0 (flat)  0 (hierarchical)
    Elapsed: 0.000s  Memory: 426.00M
"^" in: xor.drc:109
    Polygons (raw): 0 (flat)  0 (hierarchical)
    Elapsed: 0.010s  Memory: 427.00M
XOR differences: 0
"output" in: xor.drc:86
    Polygons (raw): 0 (flat)  0 (hierarchical)
    Elapsed: 0.000s  Memory: 427.00M
--- Running XOR for layer 133/0 ---
"input" in: xor.drc:109
    Polygons (raw): 8 (flat)  8 (hierarchical)
    Elapsed: 0.000s  Memory: 427.00M
"input" in: xor.drc:109
    Polygons (raw): 8 (flat)  1 (hierarchical)
    Elapsed: 0.000s  Memory: 427.00M
"^" in: xor.drc:109
    Polygons (raw): 0 (flat)  0 (hierarchical)
    Elapsed: 0.000s  Memory: 427.00M
XOR differences: 0
"output" in: xor.drc:86
    Polygons (raw): 0 (flat)  0 (hierarchical)
    Elapsed: 0.000s  Memory: 427.00M
--- Running XOR for layer 134/0 ---
"input" in: xor.drc:109
    Polygons (raw): 4 (flat)  4 (hierarchical)
    Elapsed: 0.000s  Memory: 427.00M
"input" in: xor.drc:109
    Polygons (raw): 16 (flat)  9 (hierarchical)
    Elapsed: 0.000s  Memory: 427.00M
"^" in: xor.drc:109
    Polygons (raw): 0 (flat)  0 (hierarchical)
    Elapsed: 0.000s  Memory: 427.00M
XOR differences: 0
"output" in: xor.drc:86
    Polygons (raw): 0 (flat)  0 (hierarchical)
    Elapsed: 0.000s  Memory: 428.00M
--- Running XOR for layer 134/2 ---
"input" in: xor.drc:109
    Polygons (raw): 4 (flat)  4 (hierarchical)
    Elapsed: 0.000s  Memory: 428.00M
"input" in: xor.drc:109
    Polygons (raw): 4 (flat)  4 (hierarchical)
    Elapsed: 0.000s  Memory: 428.00M
"^" in: xor.drc:109
    Polygons (raw): 0 (flat)  0 (hierarchical)
    Elapsed: 0.000s  Memory: 428.00M
XOR differences: 0
"output" in: xor.drc:86
    Polygons (raw): 0 (flat)  0 (hierarchical)
    Elapsed: 0.010s  Memory: 428.00M
--- Running XOR for layer 134/25 ---
"input" in: xor.drc:109
    Polygons (raw): 0 (flat)  0 (hierarchical)
    Elapsed: 0.000s  Memory: 428.00M
"input" in: xor.drc:109
    Polygons (raw): 0 (flat)  0 (hierarchical)
    Elapsed: 0.000s  Memory: 428.00M
"^" in: xor.drc:109
    Polygons (raw): 0 (flat)  0 (hierarchical)
    Elapsed: 0.010s  Memory: 428.00M
XOR differences: 0
"output" in: xor.drc:86
    Polygons (raw): 0 (flat)  0 (hierarchical)
    Elapsed: 0.000s  Memory: 429.00M
--- Running XOR for layer 14/0 ---
"input" in: xor.drc:109
    Polygons (raw): 2707 (flat)  63 (hierarchical)
    Elapsed: 0.000s  Memory: 429.00M
"input" in: xor.drc:109
    Polygons (raw): 2707 (flat)  63 (hierarchical)
    Elapsed: 0.000s  Memory: 429.00M
"^" in: xor.drc:109
    Polygons (raw): 0 (flat)  0 (hierarchical)
    Elapsed: 0.020s  Memory: 431.00M
XOR differences: 0
"output" in: xor.drc:86
    Polygons (raw): 0 (flat)  0 (hierarchical)
    Elapsed: 0.000s  Memory: 431.00M
--- Running XOR for layer 189/4 ---
"input" in: xor.drc:109
    Polygons (raw): 1350 (flat)  32 (hierarchical)
    Elapsed: 0.000s  Memory: 431.00M
"input" in: xor.drc:109
    Polygons (raw): 1350 (flat)  32 (hierarchical)
    Elapsed: 0.000s  Memory: 431.00M
"^" in: xor.drc:109
    Polygons (raw): 0 (flat)  0 (hierarchical)
    Elapsed: 0.010s  Memory: 432.00M
XOR differences: 0
"output" in: xor.drc:86
    Polygons (raw): 0 (flat)  0 (hierarchical)
    Elapsed: 0.000s  Memory: 432.00M
--- Running XOR for layer 19/0 ---
"input" in: xor.drc:109
    Polygons (raw): 2510 (flat)  2510 (hierarchical)
    Elapsed: 0.000s  Memory: 432.00M
"input" in: xor.drc:109
    Polygons (raw): 2510 (flat)  7 (hierarchical)
    Elapsed: 0.010s  Memory: 433.00M
"^" in: xor.drc:109
    Polygons (raw): 0 (flat)  0 (hierarchical)
    Elapsed: 0.010s  Memory: 433.00M
XOR differences: 0
"output" in: xor.drc:86
    Polygons (raw): 0 (flat)  0 (hierarchical)
    Elapsed: 0.000s  Memory: 433.00M
--- Running XOR for layer 29/0 ---
"input" in: xor.drc:109
    Polygons (raw): 2086 (flat)  2086 (hierarchical)
    Elapsed: 0.000s  Memory: 433.00M
"input" in: xor.drc:109
    Polygons (raw): 2086 (flat)  6 (hierarchical)
    Elapsed: 0.000s  Memory: 433.00M
"^" in: xor.drc:109
    Polygons (raw): 0 (flat)  0 (hierarchical)
    Elapsed: 0.010s  Memory: 433.00M
XOR differences: 0
"output" in: xor.drc:86
    Polygons (raw): 0 (flat)  0 (hierarchical)
    Elapsed: 0.000s  Memory: 433.00M
--- Running XOR for layer 30/0 ---
"input" in: xor.drc:109
    Polygons (raw): 1292 (flat)  1292 (hierarchical)
    Elapsed: 0.000s  Memory: 433.00M
"input" in: xor.drc:109
    Polygons (raw): 3249 (flat)  1300 (hierarchical)
    Elapsed: 0.000s  Memory: 433.00M
"^" in: xor.drc:109
    Polygons (raw): 0 (flat)  0 (hierarchical)
    Elapsed: 0.010s  Memory: 433.00M
XOR differences: 0
"output" in: xor.drc:86
    Polygons (raw): 0 (flat)  0 (hierarchical)
    Elapsed: 0.000s  Memory: 433.00M
--- Running XOR for layer 30/2 ---
"input" in: xor.drc:109
    Polygons (raw): 41 (flat)  41 (hierarchical)
    Elapsed: 0.000s  Memory: 433.00M
"input" in: xor.drc:109
    Polygons (raw): 41 (flat)  41 (hierarchical)
    Elapsed: 0.000s  Memory: 433.00M
"^" in: xor.drc:109
    Polygons (raw): 0 (flat)  0 (hierarchical)
    Elapsed: 0.020s  Memory: 433.00M
XOR differences: 0
"output" in: xor.drc:86
    Polygons (raw): 0 (flat)  0 (hierarchical)
    Elapsed: 0.000s  Memory: 433.00M
--- Running XOR for layer 30/25 ---
"input" in: xor.drc:109
    Polygons (raw): 0 (flat)  0 (hierarchical)
    Elapsed: 0.000s  Memory: 433.00M
"input" in: xor.drc:109
    Polygons (raw): 0 (flat)  0 (hierarchical)
    Elapsed: 0.000s  Memory: 433.00M
"^" in: xor.drc:109
    Polygons (raw): 0 (flat)  0 (hierarchical)
    Elapsed: 0.000s  Memory: 433.00M
XOR differences: 0
"output" in: xor.drc:86
    Polygons (raw): 0 (flat)  0 (hierarchical)
    Elapsed: 0.000s  Memory: 433.00M
--- Running XOR for layer 31/0 ---
"input" in: xor.drc:109
    Polygons (raw): 1349 (flat)  31 (hierarchical)
    Elapsed: 0.000s  Memory: 433.00M
"input" in: xor.drc:109
    Polygons (raw): 1349 (flat)  31 (hierarchical)
    Elapsed: 0.000s  Memory: 433.00M
"^" in: xor.drc:109
    Polygons (raw): 0 (flat)  0 (hierarchical)
    Elapsed: 0.020s  Memory: 433.00M
XOR differences: 0
"output" in: xor.drc:86
    Polygons (raw): 0 (flat)  0 (hierarchical)
    Elapsed: 0.000s  Memory: 433.00M
--- Running XOR for layer 49/0 ---
"input" in: xor.drc:109
    Polygons (raw): 379 (flat)  379 (hierarchical)
    Elapsed: 0.000s  Memory: 433.00M
"input" in: xor.drc:109
    Polygons (raw): 379 (flat)  6 (hierarchical)
    Elapsed: 0.000s  Memory: 433.00M
"^" in: xor.drc:109
    Polygons (raw): 0 (flat)  0 (hierarchical)
    Elapsed: 0.010s  Memory: 433.00M
XOR differences: 0
"output" in: xor.drc:86
    Polygons (raw): 0 (flat)  0 (hierarchical)
    Elapsed: 0.000s  Memory: 433.00M
--- Running XOR for layer 5/0 ---
"input" in: xor.drc:109
    Polygons (raw): 3890 (flat)  115 (hierarchical)
    Elapsed: 0.000s  Memory: 433.00M
"input" in: xor.drc:109
    Polygons (raw): 3890 (flat)  115 (hierarchical)
    Elapsed: 0.000s  Memory: 434.00M
"^" in: xor.drc:109
    Polygons (raw): 0 (flat)  0 (hierarchical)
    Elapsed: 0.040s  Memory: 434.00M
XOR differences: 0
"output" in: xor.drc:86
    Polygons (raw): 0 (flat)  0 (hierarchical)
    Elapsed: 0.000s  Memory: 434.00M
--- Running XOR for layer 50/0 ---
"input" in: xor.drc:109
    Polygons (raw): 92 (flat)  92 (hierarchical)
    Elapsed: 0.000s  Memory: 434.00M
"input" in: xor.drc:109
    Polygons (raw): 218 (flat)  34 (hierarchical)
    Elapsed: 0.000s  Memory: 434.00M
"^" in: xor.drc:109
    Polygons (raw): 0 (flat)  0 (hierarchical)
    Elapsed: 0.010s  Memory: 434.00M
XOR differences: 0
"output" in: xor.drc:86
    Polygons (raw): 0 (flat)  0 (hierarchical)
    Elapsed: 0.000s  Memory: 434.00M
--- Running XOR for layer 50/25 ---
"input" in: xor.drc:109
    Polygons (raw): 0 (flat)  0 (hierarchical)
    Elapsed: 0.000s  Memory: 435.00M
"input" in: xor.drc:109
    Polygons (raw): 0 (flat)  0 (hierarchical)
    Elapsed: 0.000s  Memory: 435.00M
"^" in: xor.drc:109
    Polygons (raw): 0 (flat)  0 (hierarchical)
    Elapsed: 0.000s  Memory: 435.00M
XOR differences: 0
"output" in: xor.drc:86
    Polygons (raw): 0 (flat)  0 (hierarchical)
    Elapsed: 0.000s  Memory: 435.00M
--- Running XOR for layer 6/0 ---
"input" in: xor.drc:109
    Polygons (raw): 41097 (flat)  1337 (hierarchical)
    Elapsed: 0.000s  Memory: 435.00M
"input" in: xor.drc:109
    Polygons (raw): 41097 (flat)  1337 (hierarchical)
    Elapsed: 0.000s  Memory: 435.00M
"^" in: xor.drc:109
    Polygons (raw): 0 (flat)  0 (hierarchical)
    Elapsed: 0.100s  Memory: 436.00M
XOR differences: 0
"output" in: xor.drc:86
    Polygons (raw): 0 (flat)  0 (hierarchical)
    Elapsed: 0.000s  Memory: 436.00M
--- Running XOR for layer 66/0 ---
"input" in: xor.drc:109
    Polygons (raw): 320 (flat)  320 (hierarchical)
    Elapsed: 0.000s  Memory: 436.00M
"input" in: xor.drc:109
    Polygons (raw): 320 (flat)  5 (hierarchical)
    Elapsed: 0.000s  Memory: 436.00M
"^" in: xor.drc:109
    Polygons (raw): 0 (flat)  0 (hierarchical)
    Elapsed: 0.010s  Memory: 437.00M
XOR differences: 0
"output" in: xor.drc:86
    Polygons (raw): 0 (flat)  0 (hierarchical)
    Elapsed: 0.000s  Memory: 437.00M
--- Running XOR for layer 67/0 ---
"input" in: xor.drc:109
    Polygons (raw): 64 (flat)  64 (hierarchical)
    Elapsed: 0.000s  Memory: 437.00M
"input" in: xor.drc:109
    Polygons (raw): 192 (flat)  66 (hierarchical)
    Elapsed: 0.000s  Memory: 437.00M
"^" in: xor.drc:109
    Polygons (raw): 0 (flat)  0 (hierarchical)
    Elapsed: 0.000s  Memory: 437.00M
XOR differences: 0
"output" in: xor.drc:86
    Polygons (raw): 0 (flat)  0 (hierarchical)
    Elapsed: 0.000s  Memory: 437.00M
--- Running XOR for layer 8/0 ---
"input" in: xor.drc:109
    Polygons (raw): 8374 (flat)  2424 (hierarchical)
    Elapsed: 0.000s  Memory: 437.00M
"input" in: xor.drc:109
    Polygons (raw): 8438 (flat)  237 (hierarchical)
    Elapsed: 0.010s  Memory: 437.00M
"^" in: xor.drc:109
    Polygons (raw): 0 (flat)  0 (hierarchical)
    Elapsed: 0.070s  Memory: 445.00M
XOR differences: 0
"output" in: xor.drc:86
    Polygons (raw): 0 (flat)  0 (hierarchical)
    Elapsed: 0.020s  Memory: 445.00M
--- Running XOR for layer 8/2 ---
"input" in: xor.drc:109
    Polygons (raw): 4958 (flat)  161 (hierarchical)
    Elapsed: 0.000s  Memory: 445.00M
"input" in: xor.drc:109
    Polygons (raw): 4958 (flat)  161 (hierarchical)
    Elapsed: 0.000s  Memory: 445.00M
"^" in: xor.drc:109
    Polygons (raw): 0 (flat)  0 (hierarchical)
    Elapsed: 0.020s  Memory: 447.00M
XOR differences: 0
"output" in: xor.drc:86
    Polygons (raw): 0 (flat)  0 (hierarchical)
    Elapsed: 0.000s  Memory: 447.00M
--- Running XOR for layer 8/25 ---
"input" in: xor.drc:109
    Polygons (raw): 0 (flat)  0 (hierarchical)
    Elapsed: 0.000s  Memory: 447.00M
"input" in: xor.drc:109
    Polygons (raw): 0 (flat)  0 (hierarchical)
    Elapsed: 0.000s  Memory: 447.00M
"^" in: xor.drc:109
    Polygons (raw): 0 (flat)  0 (hierarchical)
    Elapsed: 0.000s  Memory: 447.00M
XOR differences: 0
"output" in: xor.drc:86
    Polygons (raw): 0 (flat)  0 (hierarchical)
    Elapsed: 0.000s  Memory: 447.00M
---
Total XOR differences: 0
Writing report database: /home/designer/shared/hdl_projects/capa_clasificacion/libreline/classifier_top/runs/RUN_2026-02-08_21-25-15/61-klayout-xor/xor.xml ..
Total elapsed: 0.660s  Memory: 447.00M
/home/designer/shared/hdl_projects/capa_clasificacion/libreline/classifier_top/runs/RUN_2026-02-08_21-25-15/57-magic-streamout/classifier_top.magic.gds
/home/designer/shared/hdl_projects/capa_clasificacion/libreline/classifier_top/runs/RUN_2026-02-08_21-25-15/58-klayout-streamout/classifier_top.klayout.gds
%OL_METRIC_I design__xor_difference__count 0
